cd /tmp/Cardumen_QuixBugs_LEVENSHTEIN_;
export JAVA_TOOL_OPTIONS="-Dfile.encoding=UTF8 -Duser.language=en-US -Duser.country=US -Duser.language=en";
TZ="America/New_York"; export TZ;
export PATH="/home/mmartinez/jdk1.8.0_45/bin/:$PATH";
export JAVA_HOME="/home/mmartinez/jdk1.8.0_45/bin/";
time java -Xmx4g -Xms1g -cp /home/mmartinez/experiment-repair-2020/RepairThemAll/script/../libs/jtestex7.jar:/home/mmartinez/experiment-repair-2020/RepairThemAll/script/../repair_tools/astor.jar fr.inria.main.evolution.AstorMain \
	-mode cardumen \
	-location . \
	-id LEVENSHTEIN- \
	-failing java_testcases.junit.LEVENSHTEIN_Test \
	-jvm4testexecution /home/mmartinez/jdk1.8.0_45/bin/ \
	-jvm4evosuitetestexecution /home/mmartinez/jdk1.8.0_45/bin/ \
	-maxgen 1000000 \
	-maxtime 120 \
	-stopfirst true \
	-seed 0 \
	-scope local \
	-population 1 \
	-javacompliancelevel 8 \
	-srcjavafolder src/main/java \
	-srctestfolder src/test/java \
	-binjavafolder target/classes \
	-bintestfolder target/test-classes \
	-parameters stopfirst:false:maxCombinationVariableLimit:true:maxVarCombination:1000 \
	-dependencies /home/mmartinez/.m2/repository/junit/junit/4.11/junit-4.11.jar:/home/mmartinez/.m2/repository/org/hamcrest/hamcrest-core/1.3/hamcrest-core-1.3.jar;
	echo "\n\nNode: `hostname`\n";
	echo "\n\nDate: `date`\n";
Picked up JAVA_TOOL_OPTIONS: -Dfile.encoding=UTF8 -Duser.language=en-US -Duser.country=US -Duser.language=en
[INFO ] fr.inria.astor.core.setup.ProjectConfiguration.getVersionJDK(ProjectConfiguration.java:282) - Version of the JVM used: 1.8.0_45
[INFO ] fr.inria.main.AbstractMain.processArguments(AbstractMain.java:370) - Java version of the JDK used to run tests: 1.8.0_45
[INFO ] fr.inria.main.AbstractMain.processArguments(AbstractMain.java:371) - The compliance of the JVM is:  8
[INFO ] fr.inria.main.AbstractMain.processArguments(AbstractMain.java:645) - command line arguments: [-mode  cardumen  -location  .  -id  LEVENSHTEIN-  -failing  java_testcases.junit.LEVENSHTEIN_Test  -jvm4testexecution  /home/mmartinez/jdk1.8.0_45/bin/  -jvm4evosuitetestexecution  /home/mmartinez/jdk1.8.0_45/bin/  -maxgen  1000000  -maxtime  120  -stopfirst  true  -seed  0  -scope  local  -population  1  -javacompliancelevel  8  -srcjavafolder  src/main/java  -srctestfolder  src/test/java  -binjavafolder  target/classes  -bintestfolder  target/test-classes  -parameters  stopfirst:false:maxCombinationVariableLimit:true:maxVarCombination:1000  -dependencies  /home/mmartinez/.m2/repository/junit/junit/4.11/junit-4.11.jar:/home/mmartinez/.m2/repository/org/hamcrest/hamcrest-core/1.3/hamcrest-core-1.3.jar]
[INFO ] fr.inria.main.evolution.AstorMain.execute(AstorMain.java:216) - Running Astor on a JDK at /home/mmartinez/jdk1.8.0_45/jre
[INFO ] fr.inria.main.AbstractMain.determineSourceFolders(AbstractMain.java:849) - Source folders: [/tmp/Cardumen_QuixBugs_LEVENSHTEIN_/./src/main/java]
[INFO ] fr.inria.main.AbstractMain.determineSourceFolders(AbstractMain.java:868) - Source Test folders: [/tmp/Cardumen_QuixBugs_LEVENSHTEIN_/./src/test/java]
[INFO ] fr.inria.astor.core.faultlocalization.gzoltar.GZoltarFaultLocalization.calculateSuspicious(GZoltarFaultLocalization.java:75) - -Executing Gzoltar classpath: /tmp/Cardumen_QuixBugs_LEVENSHTEIN_/./output_astor/AstorMain-LEVENSHTEIN-//bin//default from 1 classes with test cases
[INFO ] fr.inria.astor.core.faultlocalization.gzoltar.GZoltarFaultLocalization.searchSuspicious(GZoltarFaultLocalization.java:149) - Gzoltar fault localization: min susp value parameter: 0.1
[INFO ] fr.inria.astor.core.faultlocalization.gzoltar.GZoltarFaultLocalization.searchSuspicious(GZoltarFaultLocalization.java:169) - -gz-Adding classpath: [/tmp/Cardumen_QuixBugs_LEVENSHTEIN_/./output_astor/AstorMain-LEVENSHTEIN-//bin//default, /home/mmartinez/.m2/repository/junit/junit/4.11/junit-4.11.jar, /home/mmartinez/.m2/repository/org/hamcrest/hamcrest-core/1.3/hamcrest-core-1.3.jar]
[INFO ] fr.inria.astor.core.faultlocalization.gzoltar.GZoltarFaultLocalization.searchSuspicious(GZoltarFaultLocalization.java:206) - Test failt: java_testcases.junit.LEVENSHTEIN_Test#test_0
[INFO ] fr.inria.astor.core.faultlocalization.gzoltar.GZoltarFaultLocalization.searchSuspicious(GZoltarFaultLocalization.java:206) - Test failt: java_testcases.junit.LEVENSHTEIN_Test#test_1
[INFO ] fr.inria.astor.core.faultlocalization.gzoltar.GZoltarFaultLocalization.searchSuspicious(GZoltarFaultLocalization.java:206) - Test failt: java_testcases.junit.LEVENSHTEIN_Test#test_2
[INFO ] fr.inria.astor.core.faultlocalization.gzoltar.GZoltarFaultLocalization.searchSuspicious(GZoltarFaultLocalization.java:206) - Test failt: java_testcases.junit.LEVENSHTEIN_Test#test_4
[INFO ] fr.inria.astor.core.faultlocalization.gzoltar.GZoltarFaultLocalization.searchSuspicious(GZoltarFaultLocalization.java:206) - Test failt: java_testcases.junit.LEVENSHTEIN_Test#test_6
[INFO ] fr.inria.astor.core.faultlocalization.gzoltar.GZoltarFaultLocalization.searchSuspicious(GZoltarFaultLocalization.java:218) - Gzoltar Test Result Total:6, fails: 5, GZoltar suspicious 8, with positive susp 8
[INFO ] fr.inria.astor.core.faultlocalization.gzoltar.GZoltarFaultLocalization.searchSuspicious(GZoltarFaultLocalization.java:226) - nr test results 6
[INFO ] fr.inria.astor.core.faultlocalization.gzoltar.GZoltarFaultLocalization.searchSuspicious(GZoltarFaultLocalization.java:271) - Gzoltar found: 8 with susp > 0.1, we consider: 8
[INFO ] fr.inria.astor.core.solutionsearch.AstorCoreEngine.initPopulation(AstorCoreEngine.java:689) - 
---- Creating spoon model
[INFO ] fr.inria.astor.core.solutionsearch.AstorCoreEngine.initModel(AstorCoreEngine.java:781) - Creating model,  Code location from working folder: /tmp/Cardumen_QuixBugs_LEVENSHTEIN_/./src/main/java
[INFO ] fr.inria.astor.core.manipulation.MutationSupporter.buildModel(MutationSupporter.java:65) - building model: /tmp/Cardumen_QuixBugs_LEVENSHTEIN_/./src/main/java, compliance level: 8
[INFO ] fr.inria.astor.core.manipulation.MutationSupporter.buildModel(MutationSupporter.java:78) - Classpath for building SpoonModel [/home/mmartinez/.m2/repository/junit/junit/4.11/junit-4.11.jar, /home/mmartinez/.m2/repository/org/hamcrest/hamcrest-core/1.3/hamcrest-core-1.3.jar]
[INFO ] fr.inria.astor.core.solutionsearch.AstorCoreEngine.initPopulation(AstorCoreEngine.java:693) - 
---- Initial suspicious size: 8
[INFO ] fr.inria.astor.core.solutionsearch.population.ProgramVariantFactory.createProgramInstance(ProgramVariantFactory.java:127) - Total suspicious from FL: 8,  24
[INFO ] fr.inria.astor.core.solutionsearch.population.ProgramVariantFactory.createProgramInstance(ProgramVariantFactory.java:136) - Total ModPoint created: 24
[INFO ] fr.inria.astor.core.solutionsearch.population.ProgramVariantFactory.createInitialPopulation(ProgramVariantFactory.java:82) - Creating program variant #1, [Variant id: 1, #gens: 24, #ops: 0, parent:-]
[INFO ] fr.inria.astor.core.solutionsearch.spaces.ingredients.scopes.ExpressionTypeIngredientSpace.defineSpace(ExpressionTypeIngredientSpace.java:121) - Ingredient search space info : number keys 5 , number values 15 
[INFO ] fr.inria.astor.core.setup.ConfigurationProperties.print(ConfigurationProperties.java:66) - ----------------------------
[INFO ] fr.inria.astor.core.setup.ConfigurationProperties.print(ConfigurationProperties.java:67) - ---Configuration properties:---Execution values
[INFO ] fr.inria.astor.core.setup.ConfigurationProperties.print(ConfigurationProperties.java:69) - p:lastJUnitVersion= ./examples/libs/junit-4.11.jar
[INFO ] fr.inria.astor.core.setup.ConfigurationProperties.print(ConfigurationProperties.java:69) - p:alternativecompliancelevel= 4
[INFO ] fr.inria.astor.core.setup.ConfigurationProperties.print(ConfigurationProperties.java:69) - p:ignoredTestCases= 
[INFO ] fr.inria.astor.core.setup.ConfigurationProperties.print(ConfigurationProperties.java:69) - p:workingDirectory= /tmp/Cardumen_QuixBugs_LEVENSHTEIN_/./output_astor
[INFO ] fr.inria.astor.core.setup.ConfigurationProperties.print(ConfigurationProperties.java:69) - p:manipulatesuper= false
[INFO ] fr.inria.astor.core.setup.ConfigurationProperties.print(ConfigurationProperties.java:69) - p:validation= process
[INFO ] fr.inria.astor.core.setup.ConfigurationProperties.print(ConfigurationProperties.java:69) - p:jvm4testexecution= /home/mmartinez/jdk1.8.0_45/bin/
[INFO ] fr.inria.astor.core.setup.ConfigurationProperties.print(ConfigurationProperties.java:69) - p:operatorspace= r-expression
[INFO ] fr.inria.astor.core.setup.ConfigurationProperties.print(ConfigurationProperties.java:69) - p:disablelog= false
[INFO ] fr.inria.astor.core.setup.ConfigurationProperties.print(ConfigurationProperties.java:69) - p:binjavafolder= target/classes
[INFO ] fr.inria.astor.core.setup.ConfigurationProperties.print(ConfigurationProperties.java:69) - p:synthesis_depth= 3
[INFO ] fr.inria.astor.core.setup.ConfigurationProperties.print(ConfigurationProperties.java:69) - p:gzoltartestpackagetoexclude= junit.framework
[INFO ] fr.inria.astor.core.setup.ConfigurationProperties.print(ConfigurationProperties.java:69) - p:skipfitnessinitialpopulation= false
[INFO ] fr.inria.astor.core.setup.ConfigurationProperties.print(ConfigurationProperties.java:69) - p:evosuiteresultfolder= evosuite
[INFO ] fr.inria.astor.core.setup.ConfigurationProperties.print(ConfigurationProperties.java:69) - p:flthreshold= 0.1
[INFO ] fr.inria.astor.core.setup.ConfigurationProperties.print(ConfigurationProperties.java:69) - p:regressionforfaultlocalization= true
[INFO ] fr.inria.astor.core.setup.ConfigurationProperties.print(ConfigurationProperties.java:69) - p:collectonlyusedmethod= false
[INFO ] fr.inria.astor.core.setup.ConfigurationProperties.print(ConfigurationProperties.java:69) - p:preservelinenumbers= true
[INFO ] fr.inria.astor.core.setup.ConfigurationProperties.print(ConfigurationProperties.java:69) - p:tmax2= 1724
[INFO ] fr.inria.astor.core.setup.ConfigurationProperties.print(ConfigurationProperties.java:69) - p:ingredienttransformstrategy= name-probability-based
[INFO ] fr.inria.astor.core.setup.ConfigurationProperties.print(ConfigurationProperties.java:69) - p:tmax1= 10000
[INFO ] fr.inria.astor.core.setup.ConfigurationProperties.print(ConfigurationProperties.java:69) - p:probagenmutation= false
[INFO ] fr.inria.astor.core.setup.ConfigurationProperties.print(ConfigurationProperties.java:69) - p:nomodificationconvergence= 100
[INFO ] fr.inria.astor.core.setup.ConfigurationProperties.print(ConfigurationProperties.java:69) - p:diff_type= relative
[INFO ] fr.inria.astor.core.setup.ConfigurationProperties.print(ConfigurationProperties.java:69) - p:targetelementprocessor= expression
[INFO ] fr.inria.astor.core.setup.ConfigurationProperties.print(ConfigurationProperties.java:69) - p:srctestfolder= src/test/java
[INFO ] fr.inria.astor.core.setup.ConfigurationProperties.print(ConfigurationProperties.java:69) - p:forceExecuteRegression= false
[INFO ] fr.inria.astor.core.setup.ConfigurationProperties.print(ConfigurationProperties.java:69) - p:clusteringfilename= clustering.csv
[INFO ] fr.inria.astor.core.setup.ConfigurationProperties.print(ConfigurationProperties.java:69) - p:failing= java_testcases.junit.LEVENSHTEIN_Test
[INFO ] fr.inria.astor.core.setup.ConfigurationProperties.print(ConfigurationProperties.java:69) - p:logtestexecution= false
[INFO ] fr.inria.astor.core.setup.ConfigurationProperties.print(ConfigurationProperties.java:69) - p:evo_buggy_class= true
[INFO ] fr.inria.astor.core.setup.ConfigurationProperties.print(ConfigurationProperties.java:69) - p:numberExecutions= 1
[INFO ] fr.inria.astor.core.setup.ConfigurationProperties.print(ConfigurationProperties.java:69) - p:maxnumbersolutions= 1000000
[INFO ] fr.inria.astor.core.setup.ConfigurationProperties.print(ConfigurationProperties.java:69) - p:evo_affected_by_op= true
[INFO ] fr.inria.astor.core.setup.ConfigurationProperties.print(ConfigurationProperties.java:69) - p:population= 1
[INFO ] fr.inria.astor.core.setup.ConfigurationProperties.print(ConfigurationProperties.java:69) - p:considerzerovaluesusp= false
[INFO ] fr.inria.astor.core.setup.ConfigurationProperties.print(ConfigurationProperties.java:69) - p:maxCombinationVariableLimit= true
[INFO ] fr.inria.astor.core.setup.ConfigurationProperties.print(ConfigurationProperties.java:69) - p:loglevel= INFO
[INFO ] fr.inria.astor.core.setup.ConfigurationProperties.print(ConfigurationProperties.java:69) - p:savesolution= true
[INFO ] fr.inria.astor.core.setup.ConfigurationProperties.print(ConfigurationProperties.java:69) - p:javacompliancelevel= 8
[INFO ] fr.inria.astor.core.setup.ConfigurationProperties.print(ConfigurationProperties.java:69) - p:uniqueoptogen= false
[INFO ] fr.inria.astor.core.setup.ConfigurationProperties.print(ConfigurationProperties.java:69) - p:gzoltarpackagetonotinstrument= junit.framework
[INFO ] fr.inria.astor.core.setup.ConfigurationProperties.print(ConfigurationProperties.java:69) - p:projectIdentifier= LEVENSHTEIN-
[INFO ] fr.inria.astor.core.setup.ConfigurationProperties.print(ConfigurationProperties.java:69) - p:modificationpointnavigation= weight
[INFO ] fr.inria.astor.core.setup.ConfigurationProperties.print(ConfigurationProperties.java:69) - p:stopfirst= false
[INFO ] fr.inria.astor.core.setup.ConfigurationProperties.print(ConfigurationProperties.java:69) - p:multipointmodification= false
[INFO ] fr.inria.astor.core.setup.ConfigurationProperties.print(ConfigurationProperties.java:69) - p:elementsToMutate= 10
[INFO ] fr.inria.astor.core.setup.ConfigurationProperties.print(ConfigurationProperties.java:69) - p:jsonoutputname= astor_output
[INFO ] fr.inria.astor.core.setup.ConfigurationProperties.print(ConfigurationProperties.java:69) - p:evoDSE= false
[INFO ] fr.inria.astor.core.setup.ConfigurationProperties.print(ConfigurationProperties.java:69) - p:bintestfolder= target/test-classes
[INFO ] fr.inria.astor.core.setup.ConfigurationProperties.print(ConfigurationProperties.java:69) - p:testbystep= false
[INFO ] fr.inria.astor.core.setup.ConfigurationProperties.print(ConfigurationProperties.java:69) - p:version-location= ./math-version/
[INFO ] fr.inria.astor.core.setup.ConfigurationProperties.print(ConfigurationProperties.java:69) - p:reintroduce= PARENTS:ORIGINAL
[INFO ] fr.inria.astor.core.setup.ConfigurationProperties.print(ConfigurationProperties.java:69) - p:executorjar= ./lib/jtestex7.jar
[INFO ] fr.inria.astor.core.setup.ConfigurationProperties.print(ConfigurationProperties.java:69) - p:maxGeneration= 1000000
[INFO ] fr.inria.astor.core.setup.ConfigurationProperties.print(ConfigurationProperties.java:69) - p:max_synthesis_step= 10000
[INFO ] fr.inria.astor.core.setup.ConfigurationProperties.print(ConfigurationProperties.java:69) - p:maxVarCombination= 1000
[INFO ] fr.inria.astor.core.setup.ConfigurationProperties.print(ConfigurationProperties.java:69) - p:maxtime= 120
[INFO ] fr.inria.astor.core.setup.ConfigurationProperties.print(ConfigurationProperties.java:69) - p:evosuitejar= ./lib/evosuite-master-1.0.4-SNAPSHOT.jar
[INFO ] fr.inria.astor.core.setup.ConfigurationProperties.print(ConfigurationProperties.java:69) - p:jvmversion= 1.8.0_45
[INFO ] fr.inria.astor.core.setup.ConfigurationProperties.print(ConfigurationProperties.java:69) - p:commandTrunk= 50000
[INFO ] fr.inria.astor.core.setup.ConfigurationProperties.print(ConfigurationProperties.java:69) - p:faultlocalization= gzoltar
[INFO ] fr.inria.astor.core.setup.ConfigurationProperties.print(ConfigurationProperties.java:69) - p:resetmodel= true
[INFO ] fr.inria.astor.core.setup.ConfigurationProperties.print(ConfigurationProperties.java:69) - p:maxsuspcandidates= 1000
[INFO ] fr.inria.astor.core.setup.ConfigurationProperties.print(ConfigurationProperties.java:69) - p:mode= cardumen
[INFO ] fr.inria.astor.core.setup.ConfigurationProperties.print(ConfigurationProperties.java:69) - p:learningdir= 
[INFO ] fr.inria.astor.core.setup.ConfigurationProperties.print(ConfigurationProperties.java:69) - p:jvm4evosuitetestexecution= /home/mmartinez/jdk1.8.0_45/bin/
[INFO ] fr.inria.astor.core.setup.ConfigurationProperties.print(ConfigurationProperties.java:69) - p:filterfaultlocalization= true
[INFO ] fr.inria.astor.core.setup.ConfigurationProperties.print(ConfigurationProperties.java:69) - p:mutationrate= 1 
[INFO ] fr.inria.astor.core.setup.ConfigurationProperties.print(ConfigurationProperties.java:69) - p:pathToMVNRepository= 
[INFO ] fr.inria.astor.core.setup.ConfigurationProperties.print(ConfigurationProperties.java:69) - p:resourcesfolder= /src/main/resources:/src/test/resources:
[INFO ] fr.inria.astor.core.setup.ConfigurationProperties.print(ConfigurationProperties.java:69) - p:timezone= America/Los_Angeles
[INFO ] fr.inria.astor.core.setup.ConfigurationProperties.print(ConfigurationProperties.java:69) - p:runjava7code= false
[INFO ] fr.inria.astor.core.setup.ConfigurationProperties.print(ConfigurationProperties.java:69) - p:evoRunOnBuggyClass= true
[INFO ] fr.inria.astor.core.setup.ConfigurationProperties.print(ConfigurationProperties.java:69) - p:compiler= fr.inria.astor.core.manipulation.bytecode.compiler.SpoonClassCompiler
[INFO ] fr.inria.astor.core.setup.ConfigurationProperties.print(ConfigurationProperties.java:69) - p:limitbysuspicious= true
[INFO ] fr.inria.astor.core.setup.ConfigurationProperties.print(ConfigurationProperties.java:69) - p:logsattemps= true
[INFO ] fr.inria.astor.core.setup.ConfigurationProperties.print(ConfigurationProperties.java:69) - p:dependenciespath= /home/mmartinez/.m2/repository/junit/junit/4.11/junit-4.11.jar:/home/mmartinez/.m2/repository/org/hamcrest/hamcrest-core/1.3/hamcrest-core-1.3.jar
[INFO ] fr.inria.astor.core.setup.ConfigurationProperties.print(ConfigurationProperties.java:69) - p:logpatternlayout= [%-5p] %l - %m%n
[INFO ] fr.inria.astor.core.setup.ConfigurationProperties.print(ConfigurationProperties.java:69) - p:packageToInstrument= 
[INFO ] fr.inria.astor.core.setup.ConfigurationProperties.print(ConfigurationProperties.java:69) - p:skipfaultlocalization= false
[INFO ] fr.inria.astor.core.setup.ConfigurationProperties.print(ConfigurationProperties.java:69) - p:scope= local
[INFO ] fr.inria.astor.core.setup.ConfigurationProperties.print(ConfigurationProperties.java:69) - p:transformingredient= false
[INFO ] fr.inria.astor.core.setup.ConfigurationProperties.print(ConfigurationProperties.java:69) - p:fitnessfunction= fr.inria.astor.core.solutionsearch.population.TestCaseFitnessFunction
[INFO ] fr.inria.astor.core.setup.ConfigurationProperties.print(ConfigurationProperties.java:69) - p:maxnumvariablesperingredient= 10
[INFO ] fr.inria.astor.core.setup.ConfigurationProperties.print(ConfigurationProperties.java:69) - p:parsesourcefromoriginal= true
[INFO ] fr.inria.astor.core.setup.ConfigurationProperties.print(ConfigurationProperties.java:69) - p:pvariantfoldername= variant-
[INFO ] fr.inria.astor.core.setup.ConfigurationProperties.print(ConfigurationProperties.java:69) - p:savespoonmodelondisk= false
[INFO ] fr.inria.astor.core.setup.ConfigurationProperties.print(ConfigurationProperties.java:69) - p:srcjavafolder= src/main/java
[INFO ] fr.inria.astor.core.setup.ConfigurationProperties.print(ConfigurationProperties.java:69) - p:populationcontroller= fr.inria.astor.core.solutionsearch.population.TestCaseBasedFitnessPopulationController
[INFO ] fr.inria.astor.core.setup.ConfigurationProperties.print(ConfigurationProperties.java:69) - p:ignoreflakyinfl= false
[INFO ] fr.inria.astor.core.setup.ConfigurationProperties.print(ConfigurationProperties.java:69) - p:cleantemplates= true
[INFO ] fr.inria.astor.core.setup.ConfigurationProperties.print(ConfigurationProperties.java:69) - p:applyCrossover= false
[INFO ] fr.inria.astor.core.setup.ConfigurationProperties.print(ConfigurationProperties.java:69) - p:maxmodificationpoints= 1000
[INFO ] fr.inria.astor.core.setup.ConfigurationProperties.print(ConfigurationProperties.java:69) - p:duplicateingredientsinspace= false
[INFO ] fr.inria.astor.core.setup.ConfigurationProperties.print(ConfigurationProperties.java:69) - p:saveall= false
[INFO ] fr.inria.astor.core.setup.ConfigurationProperties.print(ConfigurationProperties.java:69) - p:seed= 0
[INFO ] fr.inria.astor.core.setup.ConfigurationProperties.print(ConfigurationProperties.java:69) - p:savecompletepatched= true
[INFO ] fr.inria.astor.core.setup.ConfigurationProperties.print(ConfigurationProperties.java:69) - p:resetoperations= false
[INFO ] fr.inria.astor.core.setup.ConfigurationProperties.print(ConfigurationProperties.java:69) - p:processoutputinfile= false
[INFO ] fr.inria.astor.core.setup.ConfigurationProperties.print(ConfigurationProperties.java:69) - p:location= .
[INFO ] fr.inria.astor.core.setup.ConfigurationProperties.print(ConfigurationProperties.java:69) - p:probabilistictransformation= true
[INFO ] fr.inria.astor.core.setup.ConfigurationProperties.print(ConfigurationProperties.java:69) - p:overridemaxtime= true
[INFO ] fr.inria.astor.core.setup.ConfigurationProperties.print(ConfigurationProperties.java:69) - p:ingredientstrategy= name-probability-based
[INFO ] fr.inria.astor.core.setup.ConfigurationProperties.print(ConfigurationProperties.java:69) - p:allpoints= false
[INFO ] fr.inria.astor.core.setup.ConfigurationProperties.print(ConfigurationProperties.java:69) - p:bugId= 280
[INFO ] fr.inria.astor.core.setup.ConfigurationProperties.print(ConfigurationProperties.java:69) - p:evosuitetimeout= 120
[INFO ] fr.inria.astor.core.setup.ConfigurationProperties.print(ConfigurationProperties.java:69) - p:nrPlaceholders= 1
[INFO ] fr.inria.astor.core.setup.ConfigurationProperties.print(ConfigurationProperties.java:69) - p:forcesubprocesskilling= true
[INFO ] fr.inria.astor.core.setup.ConfigurationProperties.print(ConfigurationProperties.java:71) - ----------------------------
[INFO ] fr.inria.astor.core.solutionsearch.EvolutionarySearchEngine.startEvolution(EvolutionarySearchEngine.java:40) - 
----Starting Solution Search
[INFO ] fr.inria.astor.core.solutionsearch.AstorCoreEngine.processCreatedVariant(AstorCoreEngine.java:436) - -Found Solution, child variant #48
[ERROR] fr.inria.astor.core.solutionsearch.AstorCoreEngine.validateReversedOriginalVariant(AstorCoreEngine.java:346) - Error variant :48 the model was not the same from the original after this generation
[ERROR] fr.inria.astor.core.solutionsearch.AstorCoreEngine.validateReversedOriginalVariant(AstorCoreEngine.java:364) - Undo Error: diff: 
--- java_programs.LEVENSHTEIN
+++ java_programs.LEVENSHTEIN
@@ -2,14 +2,12 @@
 	public static int levenshtein(java.lang.String source, java.lang.String target) {
 		if ((source.isEmpty()) || (target.isEmpty())) {
 			return source.isEmpty() ? target.length() : source.length();
-		}else 			if ((source.charAt(0)) == (target.charAt(0))) {
+		}else
+			if ((source.charAt(0)) == (target.charAt(0))) {
 				return 1 + (java_programs.LEVENSHTEIN.levenshtein(source.substring(1), target.substring(1)));
 			}else {
-				return 1 + (java.lang.Math.min(java.lang.Math.min(
-				java_programs.LEVENSHTEIN.levenshtein(source, target.substring(1)), 
-				java_programs.LEVENSHTEIN.levenshtein(source.substring(1), target.substring(1))), 
-				java_programs.LEVENSHTEIN.levenshtein(source.substring(1), target)));
-
+				return 1 + (java.lang.Math.min(java.lang.Math.min(java_programs.LEVENSHTEIN.levenshtein(source, target.substring(1)), java_programs.LEVENSHTEIN.levenshtein(source.substring(1), target.substring(1))), java_programs.LEVENSHTEIN.levenshtein(source.substring(1), target)));
 			}
+
 	}
 }
\ No newline at end of file

[ERROR] fr.inria.astor.approaches.cardumen.ExpressionReplaceOperator.applyChangesInModel(ExpressionReplaceOperator.java:47) - Replacement does not work for  modify source.isEmpty() to source.isEmpty()
[INFO ] fr.inria.astor.core.validation.processbased.LaucherJUnitProcess.killProcess(LaucherJUnitProcess.java:171) - The Process that runs JUnit test cases did not terminate within waitTime of 1 seconds
[INFO ] fr.inria.astor.core.validation.processbased.LaucherJUnitProcess.killProcess(LaucherJUnitProcess.java:173) - Killed the Process that runs JUnit test cases 16138
[INFO ] fr.inria.astor.core.validation.processbased.LaucherJUnitProcess.killProcess(LaucherJUnitProcess.java:171) - The Process that runs JUnit test cases did not terminate within waitTime of 1 seconds
[INFO ] fr.inria.astor.core.validation.processbased.LaucherJUnitProcess.killProcess(LaucherJUnitProcess.java:173) - Killed the Process that runs JUnit test cases 16361
[INFO ] fr.inria.astor.core.solutionsearch.AstorCoreEngine.processCreatedVariant(AstorCoreEngine.java:436) - -Found Solution, child variant #290
[ERROR] fr.inria.astor.approaches.cardumen.ExpressionReplaceOperator.applyChangesInModel(ExpressionReplaceOperator.java:47) - Replacement does not work for  modify java_programs.LEVENSHTEIN.levenshtein(source.substring(1), target.substring(1)) to java_programs.LEVENSHTEIN.levenshtein(source.substring(1), target.substring(1))
[ERROR] fr.inria.astor.core.solutionsearch.EvolutionarySearchEngine.startEvolution(EvolutionarySearchEngine.java:92) - Stopping main loop at 524 generation
[INFO ] fr.inria.astor.core.solutionsearch.AstorCoreEngine.atEnd(AstorCoreEngine.java:168) - Time Repair Loop (s): 215.758
[INFO ] fr.inria.astor.core.solutionsearch.AstorCoreEngine.atEnd(AstorCoreEngine.java:170) - generationsexecuted: 524
[INFO ] fr.inria.astor.core.solutionsearch.AstorCoreEngine.printFinalStatus(AstorCoreEngine.java:234) - 
----SUMMARY_EXECUTION---
[INFO ] fr.inria.astor.core.ingredientbased.IngredientBasedEvolutionaryRepairApproachImpl.printFinalStatus(IngredientBasedEvolutionaryRepairApproachImpl.java:123) - Total mod points: 24
[INFO ] fr.inria.astor.core.solutionsearch.spaces.ingredients.scopes.ExpressionTypeIngredientSpace.toJSON(ExpressionTypeIngredientSpace.java:233) - Storing ing JSON at /tmp/Cardumen_QuixBugs_LEVENSHTEIN_/./output_astor/AstorMain-LEVENSHTEIN-//src/ingredients.json
[INFO ] fr.inria.astor.core.stats.IngredientStats.toJSON(IngredientStats.java:253) - Storing ing JSON at /tmp/Cardumen_QuixBugs_LEVENSHTEIN_/./output_astor/AstorMain-LEVENSHTEIN-//ingredientSpaceSize.json
[INFO ] fr.inria.astor.core.stats.IngredientStats.toJSON(IngredientStats.java:254) - ingredientSpaceSize:{"allAttempts":428,"space":[{"a":2,"v":30},{"a":4,"v":30},{"a":8,"v":51},{"a":9,"v":118},{"a":6,"v":42},{"a":1,"v":39},{"a":3,"v":44},{"a":7,"v":42},{"a":5,"v":32}]}
[INFO ] fr.inria.astor.core.stats.IngredientStats.toJSON(IngredientStats.java:253) - Storing ing JSON at /tmp/Cardumen_QuixBugs_LEVENSHTEIN_/./output_astor/AstorMain-LEVENSHTEIN-//combinationsTemplatesingredientSpaceSize.json
[INFO ] fr.inria.astor.core.stats.IngredientStats.toJSON(IngredientStats.java:254) - combinationsTemplatesingredientSpaceSize:{"allAttempts":982,"space":[{"a":2,"v":139},{"a":4,"v":208},{"a":1,"v":540},{"a":3,"v":95}]}
[INFO ] fr.inria.astor.core.solutionsearch.AstorCoreEngine.atEnd(AstorCoreEngine.java:184) - 
 --SOLUTIONS DESCRIPTION--

 ----
ProgramVariant 48
 
time(sec)= 11
operation: ExpressionReplaceOperator
location= java_programs.LEVENSHTEIN
line= 17
lineSuspiciousness= 1
lineSuspiciousness= 6
original statement= 1 + (java_programs.LEVENSHTEIN.levenshtein(source.substring(1), target.substring(1)))
buggy kind= CtBinaryOperatorImpl|CtReturnImpl
fixed statement= java_programs.LEVENSHTEIN.levenshtein(source.substring(1), target.substring(1))
Patch kind= CtInvocationImpl|CtReturnImpl
generation= 24
ingredientScope= -
ingredientParent= (java_programs.LEVENSHTEIN.levenshtein(_String_0.substring(1), _String_1.substring(1)))
validation=|true|0|6|[]|
diffpatch=--- /tmp/Cardumen_QuixBugs_LEVENSHTEIN_/src/main/java/LEVENSHTEINjava
+++ /tmp/Cardumen_QuixBugs_LEVENSHTEIN_/src/main/java/LEVENSHTEINjava
@@ -7,7 +7,7 @@
 			return source.isEmpty() ? target.length() : source.length();
 		}else
 			if ((source.charAt(0)) == (target.charAt(0))) {
-				return 1 + (java_programs.LEVENSHTEIN.levenshtein(source.substring(1), target.substring(1)));
+				return java_programs.LEVENSHTEIN.levenshtein(source.substring(1), target.substring(1));
 			}else {
 				return 1 + (java.lang.Math.min(java.lang.Math.min(java_programs.LEVENSHTEIN.levenshtein(source, target.substring(1)), java_programs.LEVENSHTEIN.levenshtein(source.substring(1), target.substring(1))), java_programs.LEVENSHTEIN.levenshtein(source.substring(1), target)));
 			}


diffpatchoriginal=--- /tmp/Cardumen_QuixBugs_LEVENSHTEIN_/src/main/java/LEVENSHTEINjava
+++ /tmp/Cardumen_QuixBugs_LEVENSHTEIN_/src/main/java/LEVENSHTEINjava
@@ -14,7 +14,7 @@
 		if ((source.isEmpty()) || (target.isEmpty())) {
 			return source.isEmpty() ? target.length() : source.length();
 		}else 			if ((source.charAt(0)) == (target.charAt(0))) {
-				return 1 + (java_programs.LEVENSHTEIN.levenshtein(source.substring(1), target.substring(1)));
+				return java_programs.LEVENSHTEIN.levenshtein(source.substring(1), target.substring(1));
 			}else {
 				return 1 + (java.lang.Math.min(java.lang.Math.min(
 				java_programs.LEVENSHTEIN.levenshtein(source, target.substring(1)), 


 ----
ProgramVariant 290
 
time(sec)= 77
operation: ExpressionReplaceOperator
location= java_programs.LEVENSHTEIN
line= 17
lineSuspiciousness= 1
lineSuspiciousness= 6
original statement= 1 + (java_programs.LEVENSHTEIN.levenshtein(source.substring(1), target.substring(1)))
buggy kind= CtBinaryOperatorImpl|CtReturnImpl
fixed statement= java_programs.LEVENSHTEIN.levenshtein(target.substring(1), source.substring(1))
Patch kind= CtInvocationImpl|CtReturnImpl
generation= 145
ingredientScope= -
ingredientParent= (java_programs.LEVENSHTEIN.levenshtein(_String_0.substring(1), _String_1.substring(1)))
validation=|true|0|6|[]|
diffpatch=--- /tmp/Cardumen_QuixBugs_LEVENSHTEIN_/src/main/java/LEVENSHTEINjava
+++ /tmp/Cardumen_QuixBugs_LEVENSHTEIN_/src/main/java/LEVENSHTEINjava
@@ -7,7 +7,7 @@
 			return source.isEmpty() ? target.length() : source.length();
 		}else
 			if ((source.charAt(0)) == (target.charAt(0))) {
-				return 1 + (java_programs.LEVENSHTEIN.levenshtein(source.substring(1), target.substring(1)));
+				return java_programs.LEVENSHTEIN.levenshtein(target.substring(1), source.substring(1));
 			}else {
 				return 1 + (java.lang.Math.min(java.lang.Math.min(java_programs.LEVENSHTEIN.levenshtein(source, target.substring(1)), java_programs.LEVENSHTEIN.levenshtein(source.substring(1), target.substring(1))), java_programs.LEVENSHTEIN.levenshtein(source.substring(1), target)));
 			}


diffpatchoriginal=--- /tmp/Cardumen_QuixBugs_LEVENSHTEIN_/src/main/java/LEVENSHTEINjava
+++ /tmp/Cardumen_QuixBugs_LEVENSHTEIN_/src/main/java/LEVENSHTEINjava
@@ -14,7 +14,7 @@
 		if ((source.isEmpty()) || (target.isEmpty())) {
 			return source.isEmpty() ? target.length() : source.length();
 		}else 			if ((source.charAt(0)) == (target.charAt(0))) {
-				return 1 + (java_programs.LEVENSHTEIN.levenshtein(source.substring(1), target.substring(1)));
+				return java_programs.LEVENSHTEIN.levenshtein(target.substring(1), source.substring(1));
 			}else {
 				return 1 + (java.lang.Math.min(java.lang.Math.min(
 				java_programs.LEVENSHTEIN.levenshtein(source, target.substring(1)), 



Astor Output:

General stats:
EXECUTION_IDENTIFIER=LEVENSHTEIN-
TOTAL_TIME=215.758
NR_GENERATIONS=524
NR_RIGHT_COMPILATIONS=424
NR_FAILLING_COMPILATIONS=null
NR_ERRONEOUS_VARIANCES=null
NR_FAILING_VALIDATION_PROCESS=2
OUTPUT_STATUS=CONVERGED

Patch stats:

Patch 1
VARIANT_ID=48
TIME=11
VALIDATION=|true|0|6|[]|
GENERATION=24
FOLDER_SOLUTION_CODE=/tmp/Cardumen_QuixBugs_LEVENSHTEIN_/./output_astor/AstorMain-LEVENSHTEIN-//bin//variant-48
--Patch Hunk #1
OPERATOR=ExpressionReplaceOperator

LOCATION=java_programs.LEVENSHTEIN

PATH=/tmp/Cardumen_QuixBugs_LEVENSHTEIN_/src/main/java/LEVENSHTEIN.java

MODIFIED_FILE_PATH=/tmp/Cardumen_QuixBugs_LEVENSHTEIN_/./output_astor/AstorMain-LEVENSHTEIN-//src//variant-48/java_programs/LEVENSHTEIN.java

LINE=17

SUSPICIOUNESS=1

MP_RANKING=6

ORIGINAL_CODE=1 + (java_programs.LEVENSHTEIN.levenshtein(source.substring(1), target.substring(1)))

BUGGY_CODE_TYPE=CtBinaryOperatorImpl|CtReturnImpl

PATCH_HUNK_CODE=java_programs.LEVENSHTEIN.levenshtein(source.substring(1), target.substring(1))

PATCH_HUNK_TYPE=CtInvocationImpl|CtReturnImpl

INGREDIENT_SCOPE=-

INGREDIENT_PARENT=(java_programs.LEVENSHTEIN.levenshtein(_String_0.substring(1), _String_1.substring(1)))

PATCH_DIFF_ORIG=--- /tmp/Cardumen_QuixBugs_LEVENSHTEIN_/src/main/java/LEVENSHTEINjava
+++ /tmp/Cardumen_QuixBugs_LEVENSHTEIN_/src/main/java/LEVENSHTEINjava
@@ -14,7 +14,7 @@
 		if ((source.isEmpty()) || (target.isEmpty())) {
 			return source.isEmpty() ? target.length() : source.length();
 		}else 			if ((source.charAt(0)) == (target.charAt(0))) {
-				return 1 + (java_programs.LEVENSHTEIN.levenshtein(source.substring(1), target.substring(1)));
+				return java_programs.LEVENSHTEIN.levenshtein(source.substring(1), target.substring(1));
 			}else {
 				return 1 + (java.lang.Math.min(java.lang.Math.min(
 				java_programs.LEVENSHTEIN.levenshtein(source, target.substring(1)), 



Patch 2
VARIANT_ID=290
TIME=77
VALIDATION=|true|0|6|[]|
GENERATION=145
FOLDER_SOLUTION_CODE=/tmp/Cardumen_QuixBugs_LEVENSHTEIN_/./output_astor/AstorMain-LEVENSHTEIN-//bin//variant-290
--Patch Hunk #1
OPERATOR=ExpressionReplaceOperator

LOCATION=java_programs.LEVENSHTEIN

PATH=/tmp/Cardumen_QuixBugs_LEVENSHTEIN_/src/main/java/LEVENSHTEIN.java

MODIFIED_FILE_PATH=/tmp/Cardumen_QuixBugs_LEVENSHTEIN_/./output_astor/AstorMain-LEVENSHTEIN-//src//variant-290/java_programs/LEVENSHTEIN.java

LINE=17

SUSPICIOUNESS=1

MP_RANKING=6

ORIGINAL_CODE=1 + (java_programs.LEVENSHTEIN.levenshtein(source.substring(1), target.substring(1)))

BUGGY_CODE_TYPE=CtBinaryOperatorImpl|CtReturnImpl

PATCH_HUNK_CODE=java_programs.LEVENSHTEIN.levenshtein(target.substring(1), source.substring(1))

PATCH_HUNK_TYPE=CtInvocationImpl|CtReturnImpl

INGREDIENT_SCOPE=-

INGREDIENT_PARENT=(java_programs.LEVENSHTEIN.levenshtein(_String_0.substring(1), _String_1.substring(1)))

PATCH_DIFF_ORIG=--- /tmp/Cardumen_QuixBugs_LEVENSHTEIN_/src/main/java/LEVENSHTEINjava
+++ /tmp/Cardumen_QuixBugs_LEVENSHTEIN_/src/main/java/LEVENSHTEINjava
@@ -14,7 +14,7 @@
 		if ((source.isEmpty()) || (target.isEmpty())) {
 			return source.isEmpty() ? target.length() : source.length();
 		}else 			if ((source.charAt(0)) == (target.charAt(0))) {
-				return 1 + (java_programs.LEVENSHTEIN.levenshtein(source.substring(1), target.substring(1)));
+				return java_programs.LEVENSHTEIN.levenshtein(target.substring(1), source.substring(1));
 			}else {
 				return 1 + (java.lang.Math.min(java.lang.Math.min(
 				java_programs.LEVENSHTEIN.levenshtein(source, target.substring(1)), 



[INFO ] fr.inria.astor.core.output.PatchJSONStandarOutput.produceOutput(PatchJSONStandarOutput.java:103) - Storing ing JSON at /tmp/Cardumen_QuixBugs_LEVENSHTEIN_/./output_astor/AstorMain-LEVENSHTEIN-//astor_output.json
[INFO ] fr.inria.astor.core.output.PatchJSONStandarOutput.produceOutput(PatchJSONStandarOutput.java:104) - astor_output:
{"general":{"NR_RIGHT_COMPILATIONS":424,"NR_ERRONEOUS_VARIANCES":null,"EXECUTION_IDENTIFIER":"LEVENSHTEIN-","OUTPUT_STATUS":"CONVERGED","NR_FAILLING_COMPILATIONS":null,"NR_GENERATIONS":524,"TOTAL_TIME":215.758,"NR_FAILING_VALIDATION_PROCESS":2},"patches":[{"VARIANT_ID":"48","VALIDATION":"|true|0|6|[]|","patchhunks":[{"LOCATION":"java_programs.LEVENSHTEIN","PATH":"\\\/tmp\\\/Cardumen_QuixBugs_LEVENSHTEIN_\\\/src\\\/main\\\/java\\\/LEVENSHTEIN.java","INGREDIENT_SCOPE":"-","SUSPICIOUNESS":"1","INGREDIENT_PARENT":"(java_programs.LEVENSHTEIN.levenshtein(_String_0.substring(1), _String_1.substring(1)))","PATCH_HUNK_TYPE":"CtInvocationImpl|CtReturnImpl","ORIGINAL_CODE":"1 + (java_programs.LEVENSHTEIN.levenshtein(source.substring(1), target.substring(1)))","BUGGY_CODE_TYPE":"CtBinaryOperatorImpl|CtReturnImpl","OPERATOR":"ExpressionReplaceOperator","MODIFIED_FILE_PATH":"\\\/tmp\\\/Cardumen_QuixBugs_LEVENSHTEIN_\\\/.\\\/output_astor\\\/AstorMain-LEVENSHTEIN-\\\/\\\/src\\\/\\\/variant-48\\\/java_programs\\\/LEVENSHTEIN.java","LINE":"17","MP_RANKING":"6","PATCH_HUNK_CODE":"java_programs.LEVENSHTEIN.levenshtein(source.substring(1), target.substring(1))"}],"TIME":"11","GENERATION":"24","FOLDER_SOLUTION_CODE":"\\\/tmp\\\/Cardumen_QuixBugs_LEVENSHTEIN_\\\/.\\\/output_astor\\\/AstorMain-LEVENSHTEIN-\\\/\\\/bin\\\/\\\/variant-48","PATCH_DIFF_ORIG":"--- \\\/tmp\\\/Cardumen_QuixBugs_LEVENSHTEIN_\\\/src\\\/main\\\/java\\\/LEVENSHTEINjava\\n+++ \\\/tmp\\\/Cardumen_QuixBugs_LEVENSHTEIN_\\\/src\\\/main\\\/java\\\/LEVENSHTEINjava\\n@@ -14,7 +14,7 @@\\n \\t\\tif ((source.isEmpty()) || (target.isEmpty())) {\\n \\t\\t\\treturn source.isEmpty() ? target.length() : source.length();\\n \\t\\t}else \\t\\t\\tif ((source.charAt(0)) == (target.charAt(0))) {\\n-\\t\\t\\t\\treturn 1 + (java_programs.LEVENSHTEIN.levenshtein(source.substring(1), target.substring(1)));\\n+\\t\\t\\t\\treturn java_programs.LEVENSHTEIN.levenshtein(source.substring(1), target.substring(1));\\n \\t\\t\\t}else {\\n \\t\\t\\t\\treturn 1 + (java.lang.Math.min(java.lang.Math.min(\\n \\t\\t\\t\\tjava_programs.LEVENSHTEIN.levenshtein(source, target.substring(1)), \\n\\n"},{"VARIANT_ID":"290","VALIDATION":"|true|0|6|[]|","patchhunks":[{"LOCATION":"java_programs.LEVENSHTEIN","PATH":"\\\/tmp\\\/Cardumen_QuixBugs_LEVENSHTEIN_\\\/src\\\/main\\\/java\\\/LEVENSHTEIN.java","INGREDIENT_SCOPE":"-","SUSPICIOUNESS":"1","INGREDIENT_PARENT":"(java_programs.LEVENSHTEIN.levenshtein(_String_0.substring(1), _String_1.substring(1)))","PATCH_HUNK_TYPE":"CtInvocationImpl|CtReturnImpl","ORIGINAL_CODE":"1 + (java_programs.LEVENSHTEIN.levenshtein(source.substring(1), target.substring(1)))","BUGGY_CODE_TYPE":"CtBinaryOperatorImpl|CtReturnImpl","OPERATOR":"ExpressionReplaceOperator","MODIFIED_FILE_PATH":"\\\/tmp\\\/Cardumen_QuixBugs_LEVENSHTEIN_\\\/.\\\/output_astor\\\/AstorMain-LEVENSHTEIN-\\\/\\\/src\\\/\\\/variant-290\\\/java_programs\\\/LEVENSHTEIN.java","LINE":"17","MP_RANKING":"6","PATCH_HUNK_CODE":"java_programs.LEVENSHTEIN.levenshtein(target.substring(1), source.substring(1))"}],"TIME":"77","GENERATION":"145","FOLDER_SOLUTION_CODE":"\\\/tmp\\\/Cardumen_QuixBugs_LEVENSHTEIN_\\\/.\\\/output_astor\\\/AstorMain-LEVENSHTEIN-\\\/\\\/bin\\\/\\\/variant-290","PATCH_DIFF_ORIG":"--- \\\/tmp\\\/Cardumen_QuixBugs_LEVENSHTEIN_\\\/src\\\/main\\\/java\\\/LEVENSHTEINjava\\n+++ \\\/tmp\\\/Cardumen_QuixBugs_LEVENSHTEIN_\\\/src\\\/main\\\/java\\\/LEVENSHTEINjava\\n@@ -14,7 +14,7 @@\\n \\t\\tif ((source.isEmpty()) || (target.isEmpty())) {\\n \\t\\t\\treturn source.isEmpty() ? target.length() : source.length();\\n \\t\\t}else \\t\\t\\tif ((source.charAt(0)) == (target.charAt(0))) {\\n-\\t\\t\\t\\treturn 1 + (java_programs.LEVENSHTEIN.levenshtein(source.substring(1), target.substring(1)));\\n+\\t\\t\\t\\treturn java_programs.LEVENSHTEIN.levenshtein(target.substring(1), source.substring(1));\\n \\t\\t\\t}else {\\n \\t\\t\\t\\treturn 1 + (java.lang.Math.min(java.lang.Math.min(\\n \\t\\t\\t\\tjava_programs.LEVENSHTEIN.levenshtein(source, target.substring(1)), \\n\\n"}]}
[INFO ] fr.inria.main.evolution.AstorMain.run(AstorMain.java:200) - Time Total(s): 218.714
289.27user 27.07system 3:39.32elapsed 144%CPU (0avgtext+0avgdata 772980maxresident)k
222568inputs+39880outputs (21major+3702956minor)pagefaults 0swaps


Node: gros-3.nancy.grid5000.fr



Date: Mon 08 Jun 2020 04:04:46 PM EDT

