cd /tmp/jMutRepair_QuixBugs_KHEAPSORT_;
export JAVA_TOOL_OPTIONS="-Dfile.encoding=UTF8 -Duser.language=en-US -Duser.country=US -Duser.language=en";
TZ="America/New_York"; export TZ;
export PATH="/home/mmartinez/jdk1.8.0_45/bin/:$PATH";
export JAVA_HOME="/home/mmartinez/jdk1.8.0_45/bin/";
time java -Xmx4g -Xms1g -cp /home/mmartinez/experiment-repair-2020/RepairThemAll/script/../libs/jtestex7.jar:/home/mmartinez/experiment-repair-2020/RepairThemAll/script/../repair_tools/astor.jar fr.inria.main.evolution.AstorMain \
	-mode jMutRepair \
	-location . \
	-id KHEAPSORT- \
	-failing java_testcases.junit.KHEAPSORT_Test \
	-jvm4testexecution /home/mmartinez/jdk1.8.0_45/bin/ \
	-jvm4evosuitetestexecution /home/mmartinez/jdk1.8.0_45/bin/ \
	-maxgen 1000000 \
	-maxtime 120 \
	-stopfirst true \
	-seed 0 \
	-scope local \
	-population 1 \
	-javacompliancelevel 8 \
	-srcjavafolder src/main/java \
	-srctestfolder src/test/java \
	-binjavafolder target/classes \
	-bintestfolder target/test-classes \
	-parameters stopfirst:false \
	-dependencies /home/mmartinez/.m2/repository/junit/junit/4.11/junit-4.11.jar:/home/mmartinez/.m2/repository/org/hamcrest/hamcrest-core/1.3/hamcrest-core-1.3.jar;
	echo "\n\nNode: `hostname`\n";
	echo "\n\nDate: `date`\n";
Picked up JAVA_TOOL_OPTIONS: -Dfile.encoding=UTF8 -Duser.language=en-US -Duser.country=US -Duser.language=en
[INFO ] fr.inria.astor.core.setup.ProjectConfiguration.getVersionJDK(ProjectConfiguration.java:282) - Version of the JVM used: 1.8.0_45
[INFO ] fr.inria.main.AbstractMain.processArguments(AbstractMain.java:370) - Java version of the JDK used to run tests: 1.8.0_45
[INFO ] fr.inria.main.AbstractMain.processArguments(AbstractMain.java:371) - The compliance of the JVM is:  8
[INFO ] fr.inria.main.AbstractMain.processArguments(AbstractMain.java:645) - command line arguments: [-mode  jMutRepair  -location  .  -id  KHEAPSORT-  -failing  java_testcases.junit.KHEAPSORT_Test  -jvm4testexecution  /home/mmartinez/jdk1.8.0_45/bin/  -jvm4evosuitetestexecution  /home/mmartinez/jdk1.8.0_45/bin/  -maxgen  1000000  -maxtime  120  -stopfirst  true  -seed  0  -scope  local  -population  1  -javacompliancelevel  8  -srcjavafolder  src/main/java  -srctestfolder  src/test/java  -binjavafolder  target/classes  -bintestfolder  target/test-classes  -parameters  stopfirst:false  -dependencies  /home/mmartinez/.m2/repository/junit/junit/4.11/junit-4.11.jar:/home/mmartinez/.m2/repository/org/hamcrest/hamcrest-core/1.3/hamcrest-core-1.3.jar]
[INFO ] fr.inria.main.evolution.AstorMain.execute(AstorMain.java:216) - Running Astor on a JDK at /home/mmartinez/jdk1.8.0_45/jre
[INFO ] fr.inria.main.AbstractMain.determineSourceFolders(AbstractMain.java:849) - Source folders: [/tmp/jMutRepair_QuixBugs_KHEAPSORT_/./src/main/java]
[INFO ] fr.inria.main.AbstractMain.determineSourceFolders(AbstractMain.java:868) - Source Test folders: [/tmp/jMutRepair_QuixBugs_KHEAPSORT_/./src/test/java]
[INFO ] fr.inria.astor.core.faultlocalization.gzoltar.GZoltarFaultLocalization.calculateSuspicious(GZoltarFaultLocalization.java:75) - -Executing Gzoltar classpath: /tmp/jMutRepair_QuixBugs_KHEAPSORT_/./output_astor/AstorMain-KHEAPSORT-//bin//default from 1 classes with test cases
[INFO ] fr.inria.astor.core.faultlocalization.gzoltar.GZoltarFaultLocalization.searchSuspicious(GZoltarFaultLocalization.java:149) - Gzoltar fault localization: min susp value parameter: 0.1
[INFO ] fr.inria.astor.core.faultlocalization.gzoltar.GZoltarFaultLocalization.searchSuspicious(GZoltarFaultLocalization.java:169) - -gz-Adding classpath: [/tmp/jMutRepair_QuixBugs_KHEAPSORT_/./output_astor/AstorMain-KHEAPSORT-//bin//default, /home/mmartinez/.m2/repository/junit/junit/4.11/junit-4.11.jar, /home/mmartinez/.m2/repository/org/hamcrest/hamcrest-core/1.3/hamcrest-core-1.3.jar]
[INFO ] fr.inria.astor.core.faultlocalization.gzoltar.GZoltarFaultLocalization.searchSuspicious(GZoltarFaultLocalization.java:206) - Test failt: java_testcases.junit.KHEAPSORT_Test#test_1
[INFO ] fr.inria.astor.core.faultlocalization.gzoltar.GZoltarFaultLocalization.searchSuspicious(GZoltarFaultLocalization.java:206) - Test failt: java_testcases.junit.KHEAPSORT_Test#test_2
[INFO ] fr.inria.astor.core.faultlocalization.gzoltar.GZoltarFaultLocalization.searchSuspicious(GZoltarFaultLocalization.java:206) - Test failt: java_testcases.junit.KHEAPSORT_Test#test_3
[INFO ] fr.inria.astor.core.faultlocalization.gzoltar.GZoltarFaultLocalization.searchSuspicious(GZoltarFaultLocalization.java:218) - Gzoltar Test Result Total:4, fails: 3, GZoltar suspicious 30, with positive susp 30
[INFO ] fr.inria.astor.core.faultlocalization.gzoltar.GZoltarFaultLocalization.searchSuspicious(GZoltarFaultLocalization.java:226) - nr test results 4
[INFO ] fr.inria.astor.core.faultlocalization.gzoltar.GZoltarFaultLocalization.searchSuspicious(GZoltarFaultLocalization.java:271) - Gzoltar found: 30 with susp > 0.1, we consider: 30
[INFO ] fr.inria.astor.core.solutionsearch.AstorCoreEngine.initPopulation(AstorCoreEngine.java:689) - 
---- Creating spoon model
[INFO ] fr.inria.astor.core.solutionsearch.AstorCoreEngine.initModel(AstorCoreEngine.java:781) - Creating model,  Code location from working folder: /tmp/jMutRepair_QuixBugs_KHEAPSORT_/./src/main/java
[INFO ] fr.inria.astor.core.manipulation.MutationSupporter.buildModel(MutationSupporter.java:65) - building model: /tmp/jMutRepair_QuixBugs_KHEAPSORT_/./src/main/java, compliance level: 8
[INFO ] fr.inria.astor.core.manipulation.MutationSupporter.buildModel(MutationSupporter.java:78) - Classpath for building SpoonModel [/home/mmartinez/.m2/repository/junit/junit/4.11/junit-4.11.jar, /home/mmartinez/.m2/repository/org/hamcrest/hamcrest-core/1.3/hamcrest-core-1.3.jar]
[INFO ] fr.inria.astor.core.solutionsearch.AstorCoreEngine.initPopulation(AstorCoreEngine.java:693) - 
---- Initial suspicious size: 30
[INFO ] fr.inria.astor.core.solutionsearch.population.ProgramVariantFactory.createModificationPoints(ProgramVariantFactory.java:215) -  Not ctClass for suspicious code Candidate [className=java_testcases.junit.QuixFixOracleHelper, methodName=java_testcases.junit.QuixFixOracleHelper{format(Ljava/lang/Object;Z)Ljava/lang/String; 0.0, lineNumber=14, susp=0.8660254037844387]
[INFO ] fr.inria.astor.core.solutionsearch.population.ProgramVariantFactory.createModificationPoints(ProgramVariantFactory.java:215) -  Not ctClass for suspicious code Candidate [className=java_testcases.junit.QuixFixOracleHelper, methodName=java_testcases.junit.QuixFixOracleHelper{format(Ljava/lang/Object;Z)Ljava/lang/String; 0.0, lineNumber=15, susp=0.8660254037844387]
[INFO ] fr.inria.astor.core.solutionsearch.population.ProgramVariantFactory.createModificationPoints(ProgramVariantFactory.java:215) -  Not ctClass for suspicious code Candidate [className=java_testcases.junit.QuixFixOracleHelper, methodName=java_testcases.junit.QuixFixOracleHelper{format(Ljava/lang/Object;Z)Ljava/lang/String; 0.0, lineNumber=16, susp=0.8660254037844387]
[INFO ] fr.inria.astor.core.solutionsearch.population.ProgramVariantFactory.createModificationPoints(ProgramVariantFactory.java:215) -  Not ctClass for suspicious code Candidate [className=java_testcases.junit.QuixFixOracleHelper, methodName=java_testcases.junit.QuixFixOracleHelper{removeSymbols(Ljava/lang/String;)Ljava/lang/String; 0.0, lineNumber=21, susp=0.8660254037844387]
[INFO ] fr.inria.astor.core.solutionsearch.population.ProgramVariantFactory.createModificationPoints(ProgramVariantFactory.java:215) -  Not ctClass for suspicious code Candidate [className=java_testcases.junit.QuixFixOracleHelper, methodName=java_testcases.junit.QuixFixOracleHelper{removeSymbols(Ljava/lang/String;)Ljava/lang/String; 0.0, lineNumber=22, susp=0.8660254037844387]
[INFO ] fr.inria.astor.core.solutionsearch.population.ProgramVariantFactory.createModificationPoints(ProgramVariantFactory.java:215) -  Not ctClass for suspicious code Candidate [className=java_testcases.junit.QuixFixOracleHelper, methodName=java_testcases.junit.QuixFixOracleHelper{transformToString(Ljava/lang/Object;Z)Ljava/lang/String; 0.0, lineNumber=26, susp=0.8660254037844387]
[INFO ] fr.inria.astor.core.solutionsearch.population.ProgramVariantFactory.createModificationPoints(ProgramVariantFactory.java:215) -  Not ctClass for suspicious code Candidate [className=java_testcases.junit.QuixFixOracleHelper, methodName=java_testcases.junit.QuixFixOracleHelper{transformToString(Ljava/lang/Object;Z)Ljava/lang/String; 0.0, lineNumber=27, susp=0.8660254037844387]
[INFO ] fr.inria.astor.core.solutionsearch.population.ProgramVariantFactory.createModificationPoints(ProgramVariantFactory.java:215) -  Not ctClass for suspicious code Candidate [className=java_testcases.junit.QuixFixOracleHelper, methodName=java_testcases.junit.QuixFixOracleHelper{transformToString(Ljava/lang/Object;Z)Ljava/lang/String; 0.0, lineNumber=28, susp=0.8660254037844387]
[INFO ] fr.inria.astor.core.solutionsearch.population.ProgramVariantFactory.createModificationPoints(ProgramVariantFactory.java:215) -  Not ctClass for suspicious code Candidate [className=java_testcases.junit.QuixFixOracleHelper, methodName=java_testcases.junit.QuixFixOracleHelper{transformToString(Ljava/lang/Object;Z)Ljava/lang/String; 0.0, lineNumber=29, susp=0.8660254037844387]
[INFO ] fr.inria.astor.core.solutionsearch.population.ProgramVariantFactory.createModificationPoints(ProgramVariantFactory.java:215) -  Not ctClass for suspicious code Candidate [className=java_testcases.junit.QuixFixOracleHelper, methodName=java_testcases.junit.QuixFixOracleHelper{transformToString(Ljava/lang/Object;Z)Ljava/lang/String; 0.0, lineNumber=30, susp=0.8660254037844387]
[INFO ] fr.inria.astor.core.solutionsearch.population.ProgramVariantFactory.createModificationPoints(ProgramVariantFactory.java:215) -  Not ctClass for suspicious code Candidate [className=java_testcases.junit.QuixFixOracleHelper, methodName=java_testcases.junit.QuixFixOracleHelper{transformToString(Ljava/lang/Object;Z)Ljava/lang/String; 0.0, lineNumber=31, susp=0.8660254037844387]
[INFO ] fr.inria.astor.core.solutionsearch.population.ProgramVariantFactory.createModificationPoints(ProgramVariantFactory.java:215) -  Not ctClass for suspicious code Candidate [className=java_testcases.junit.QuixFixOracleHelper, methodName=java_testcases.junit.QuixFixOracleHelper{transformToString(Ljava/lang/Object;Z)Ljava/lang/String; 0.0, lineNumber=32, susp=0.8660254037844387]
[INFO ] fr.inria.astor.core.solutionsearch.population.ProgramVariantFactory.createModificationPoints(ProgramVariantFactory.java:215) -  Not ctClass for suspicious code Candidate [className=java_testcases.junit.QuixFixOracleHelper, methodName=java_testcases.junit.QuixFixOracleHelper{transformToString(Ljava/lang/Object;Z)Ljava/lang/String; 0.0, lineNumber=35, susp=0.8660254037844387]
[INFO ] fr.inria.astor.core.solutionsearch.population.ProgramVariantFactory.createModificationPoints(ProgramVariantFactory.java:215) -  Not ctClass for suspicious code Candidate [className=java_testcases.junit.QuixFixOracleHelper, methodName=java_testcases.junit.QuixFixOracleHelper{transformToString(Ljava/lang/Object;Z)Ljava/lang/String; 0.0, lineNumber=37, susp=0.8660254037844387]
[INFO ] fr.inria.astor.core.solutionsearch.population.ProgramVariantFactory.createModificationPoints(ProgramVariantFactory.java:215) -  Not ctClass for suspicious code Candidate [className=java_testcases.junit.QuixFixOracleHelper, methodName=java_testcases.junit.QuixFixOracleHelper{transformToString(Ljava/lang/Object;Z)Ljava/lang/String; 0.0, lineNumber=38, susp=0.8660254037844387]
[INFO ] fr.inria.astor.core.solutionsearch.population.ProgramVariantFactory.createModificationPoints(ProgramVariantFactory.java:215) -  Not ctClass for suspicious code Candidate [className=java_testcases.junit.QuixFixOracleHelper, methodName=java_testcases.junit.QuixFixOracleHelper{transformToString(Ljava/lang/Object;Z)Ljava/lang/String; 0.0, lineNumber=41, susp=0.8660254037844387]
[INFO ] fr.inria.astor.core.solutionsearch.population.ProgramVariantFactory.createModificationPoints(ProgramVariantFactory.java:215) -  Not ctClass for suspicious code Candidate [className=java_testcases.junit.QuixFixOracleHelper, methodName=java_testcases.junit.QuixFixOracleHelper{transformToString(Ljava/lang/Object;Z)Ljava/lang/String; 0.0, lineNumber=44, susp=0.8660254037844387]
[INFO ] fr.inria.astor.core.solutionsearch.population.ProgramVariantFactory.createProgramInstance(ProgramVariantFactory.java:127) - Total suspicious from FL: 30,  0
[INFO ] fr.inria.astor.core.solutionsearch.population.ProgramVariantFactory.createProgramInstance(ProgramVariantFactory.java:136) - Total ModPoint created: 0
[INFO ] fr.inria.astor.core.solutionsearch.population.ProgramVariantFactory.createInitialPopulation(ProgramVariantFactory.java:82) - Creating program variant #1, [Variant id: 1, #gens: 0, #ops: 0, parent:-]
Exception in thread "main" java.lang.IllegalStateException: Variant without any modification point. It must have at least one.
	at fr.inria.astor.core.solutionsearch.AstorCoreEngine.initializePopulation(AstorCoreEngine.java:826)
	at fr.inria.astor.core.solutionsearch.AstorCoreEngine.initPopulation(AstorCoreEngine.java:694)
	at fr.inria.main.evolution.AstorMain.createEngine(AstorMain.java:127)
	at fr.inria.main.evolution.AstorMain.run(AstorMain.java:179)
	at fr.inria.main.evolution.AstorMain.execute(AstorMain.java:236)
	at fr.inria.main.evolution.AstorMain.main(AstorMain.java:210)
Command exited with non-zero status 1
5.22user 0.35system 0:02.51elapsed 221%CPU (0avgtext+0avgdata 412836maxresident)k
215048inputs+5248outputs (19major+57486minor)pagefaults 0swaps


Node: gros-77.nancy.grid5000.fr



Date: Tue 09 Jun 2020 01:22:59 PM EDT

