cd /tmp/jMutRepair_QuixBugs_QUICKSORT_;
export JAVA_TOOL_OPTIONS="-Dfile.encoding=UTF8 -Duser.language=en-US -Duser.country=US -Duser.language=en";
TZ="America/New_York"; export TZ;
export PATH="/home/mmartinez/jdk1.8.0_45/bin/:$PATH";
export JAVA_HOME="/home/mmartinez/jdk1.8.0_45/bin/";
time java -Xmx4g -Xms1g -cp /home/mmartinez/experiment-repair-2020/RepairThemAll/script/../libs/jtestex7.jar:/home/mmartinez/experiment-repair-2020/RepairThemAll/script/../repair_tools/astor.jar fr.inria.main.evolution.AstorMain \
	-mode jMutRepair \
	-location . \
	-id QUICKSORT- \
	-failing java_testcases.junit.QUICKSORT_Test \
	-jvm4testexecution /home/mmartinez/jdk1.8.0_45/bin/ \
	-jvm4evosuitetestexecution /home/mmartinez/jdk1.8.0_45/bin/ \
	-maxgen 1000000 \
	-maxtime 120 \
	-stopfirst true \
	-seed 0 \
	-scope local \
	-population 1 \
	-javacompliancelevel 8 \
	-srcjavafolder src/main/java \
	-srctestfolder src/test/java \
	-binjavafolder target/classes \
	-bintestfolder target/test-classes \
	-parameters stopfirst:false \
	-dependencies /home/mmartinez/.m2/repository/junit/junit/4.11/junit-4.11.jar:/home/mmartinez/.m2/repository/org/hamcrest/hamcrest-core/1.3/hamcrest-core-1.3.jar;
	echo "\n\nNode: `hostname`\n";
	echo "\n\nDate: `date`\n";
Picked up JAVA_TOOL_OPTIONS: -Dfile.encoding=UTF8 -Duser.language=en-US -Duser.country=US -Duser.language=en
[INFO ] fr.inria.astor.core.setup.ProjectConfiguration.getVersionJDK(ProjectConfiguration.java:282) - Version of the JVM used: 1.8.0_45
[INFO ] fr.inria.main.AbstractMain.processArguments(AbstractMain.java:370) - Java version of the JDK used to run tests: 1.8.0_45
[INFO ] fr.inria.main.AbstractMain.processArguments(AbstractMain.java:371) - The compliance of the JVM is:  8
[INFO ] fr.inria.main.AbstractMain.processArguments(AbstractMain.java:645) - command line arguments: [-mode  jMutRepair  -location  .  -id  QUICKSORT-  -failing  java_testcases.junit.QUICKSORT_Test  -jvm4testexecution  /home/mmartinez/jdk1.8.0_45/bin/  -jvm4evosuitetestexecution  /home/mmartinez/jdk1.8.0_45/bin/  -maxgen  1000000  -maxtime  120  -stopfirst  true  -seed  0  -scope  local  -population  1  -javacompliancelevel  8  -srcjavafolder  src/main/java  -srctestfolder  src/test/java  -binjavafolder  target/classes  -bintestfolder  target/test-classes  -parameters  stopfirst:false  -dependencies  /home/mmartinez/.m2/repository/junit/junit/4.11/junit-4.11.jar:/home/mmartinez/.m2/repository/org/hamcrest/hamcrest-core/1.3/hamcrest-core-1.3.jar]
[INFO ] fr.inria.main.evolution.AstorMain.execute(AstorMain.java:216) - Running Astor on a JDK at /home/mmartinez/jdk1.8.0_45/jre
[INFO ] fr.inria.main.AbstractMain.determineSourceFolders(AbstractMain.java:849) - Source folders: [/tmp/jMutRepair_QuixBugs_QUICKSORT_/./src/main/java]
[INFO ] fr.inria.main.AbstractMain.determineSourceFolders(AbstractMain.java:868) - Source Test folders: [/tmp/jMutRepair_QuixBugs_QUICKSORT_/./src/test/java]
[INFO ] fr.inria.astor.core.faultlocalization.gzoltar.GZoltarFaultLocalization.calculateSuspicious(GZoltarFaultLocalization.java:75) - -Executing Gzoltar classpath: /tmp/jMutRepair_QuixBugs_QUICKSORT_/./output_astor/AstorMain-QUICKSORT-//bin//default from 1 classes with test cases
[INFO ] fr.inria.astor.core.faultlocalization.gzoltar.GZoltarFaultLocalization.searchSuspicious(GZoltarFaultLocalization.java:149) - Gzoltar fault localization: min susp value parameter: 0.1
[INFO ] fr.inria.astor.core.faultlocalization.gzoltar.GZoltarFaultLocalization.searchSuspicious(GZoltarFaultLocalization.java:169) - -gz-Adding classpath: [/home/mmartinez/.m2/repository/junit/junit/4.11/junit-4.11.jar, /tmp/jMutRepair_QuixBugs_QUICKSORT_/./output_astor/AstorMain-QUICKSORT-//bin//default, /home/mmartinez/.m2/repository/org/hamcrest/hamcrest-core/1.3/hamcrest-core-1.3.jar]
[INFO ] fr.inria.astor.core.faultlocalization.gzoltar.GZoltarFaultLocalization.searchSuspicious(GZoltarFaultLocalization.java:206) - Test failt: java_testcases.junit.QUICKSORT_Test#test_1
[INFO ] fr.inria.astor.core.faultlocalization.gzoltar.GZoltarFaultLocalization.searchSuspicious(GZoltarFaultLocalization.java:218) - Gzoltar Test Result Total:13, fails: 1, GZoltar suspicious 35, with positive susp 35
[INFO ] fr.inria.astor.core.faultlocalization.gzoltar.GZoltarFaultLocalization.searchSuspicious(GZoltarFaultLocalization.java:226) - nr test results 13
[INFO ] fr.inria.astor.core.faultlocalization.gzoltar.GZoltarFaultLocalization.searchSuspicious(GZoltarFaultLocalization.java:271) - Gzoltar found: 35 with susp > 0.1, we consider: 35
[INFO ] fr.inria.astor.core.solutionsearch.AstorCoreEngine.initPopulation(AstorCoreEngine.java:689) - 
---- Creating spoon model
[INFO ] fr.inria.astor.core.solutionsearch.AstorCoreEngine.initModel(AstorCoreEngine.java:781) - Creating model,  Code location from working folder: /tmp/jMutRepair_QuixBugs_QUICKSORT_/./src/main/java
[INFO ] fr.inria.astor.core.manipulation.MutationSupporter.buildModel(MutationSupporter.java:65) - building model: /tmp/jMutRepair_QuixBugs_QUICKSORT_/./src/main/java, compliance level: 8
[INFO ] fr.inria.astor.core.manipulation.MutationSupporter.buildModel(MutationSupporter.java:78) - Classpath for building SpoonModel [/home/mmartinez/.m2/repository/junit/junit/4.11/junit-4.11.jar, /home/mmartinez/.m2/repository/org/hamcrest/hamcrest-core/1.3/hamcrest-core-1.3.jar]
[INFO ] fr.inria.astor.core.solutionsearch.AstorCoreEngine.initPopulation(AstorCoreEngine.java:693) - 
---- Initial suspicious size: 35
[INFO ] fr.inria.astor.core.solutionsearch.population.ProgramVariantFactory.createModificationPoints(ProgramVariantFactory.java:215) -  Not ctClass for suspicious code Candidate [className=java_testcases.junit.QuixFixOracleHelper, methodName=java_testcases.junit.QuixFixOracleHelper{format(Ljava/lang/Object;Z)Ljava/lang/String; 0.0, lineNumber=14, susp=0.2773500981126146]
[INFO ] fr.inria.astor.core.solutionsearch.population.ProgramVariantFactory.createModificationPoints(ProgramVariantFactory.java:215) -  Not ctClass for suspicious code Candidate [className=java_testcases.junit.QuixFixOracleHelper, methodName=java_testcases.junit.QuixFixOracleHelper{format(Ljava/lang/Object;Z)Ljava/lang/String; 0.0, lineNumber=15, susp=0.2773500981126146]
[INFO ] fr.inria.astor.core.solutionsearch.population.ProgramVariantFactory.createModificationPoints(ProgramVariantFactory.java:215) -  Not ctClass for suspicious code Candidate [className=java_testcases.junit.QuixFixOracleHelper, methodName=java_testcases.junit.QuixFixOracleHelper{format(Ljava/lang/Object;Z)Ljava/lang/String; 0.0, lineNumber=16, susp=0.2773500981126146]
[INFO ] fr.inria.astor.core.solutionsearch.population.ProgramVariantFactory.createModificationPoints(ProgramVariantFactory.java:215) -  Not ctClass for suspicious code Candidate [className=java_testcases.junit.QuixFixOracleHelper, methodName=java_testcases.junit.QuixFixOracleHelper{removeSymbols(Ljava/lang/String;)Ljava/lang/String; 0.0, lineNumber=21, susp=0.2773500981126146]
[INFO ] fr.inria.astor.core.solutionsearch.population.ProgramVariantFactory.createModificationPoints(ProgramVariantFactory.java:215) -  Not ctClass for suspicious code Candidate [className=java_testcases.junit.QuixFixOracleHelper, methodName=java_testcases.junit.QuixFixOracleHelper{removeSymbols(Ljava/lang/String;)Ljava/lang/String; 0.0, lineNumber=22, susp=0.2773500981126146]
[INFO ] fr.inria.astor.core.solutionsearch.population.ProgramVariantFactory.createModificationPoints(ProgramVariantFactory.java:215) -  Not ctClass for suspicious code Candidate [className=java_testcases.junit.QuixFixOracleHelper, methodName=java_testcases.junit.QuixFixOracleHelper{transformToString(Ljava/lang/Object;Z)Ljava/lang/String; 0.0, lineNumber=26, susp=0.2773500981126146]
[INFO ] fr.inria.astor.core.solutionsearch.population.ProgramVariantFactory.createModificationPoints(ProgramVariantFactory.java:215) -  Not ctClass for suspicious code Candidate [className=java_testcases.junit.QuixFixOracleHelper, methodName=java_testcases.junit.QuixFixOracleHelper{transformToString(Ljava/lang/Object;Z)Ljava/lang/String; 0.0, lineNumber=27, susp=0.2773500981126146]
[INFO ] fr.inria.astor.core.solutionsearch.population.ProgramVariantFactory.createModificationPoints(ProgramVariantFactory.java:215) -  Not ctClass for suspicious code Candidate [className=java_testcases.junit.QuixFixOracleHelper, methodName=java_testcases.junit.QuixFixOracleHelper{transformToString(Ljava/lang/Object;Z)Ljava/lang/String; 0.0, lineNumber=28, susp=0.2773500981126146]
[INFO ] fr.inria.astor.core.solutionsearch.population.ProgramVariantFactory.createModificationPoints(ProgramVariantFactory.java:215) -  Not ctClass for suspicious code Candidate [className=java_testcases.junit.QuixFixOracleHelper, methodName=java_testcases.junit.QuixFixOracleHelper{transformToString(Ljava/lang/Object;Z)Ljava/lang/String; 0.0, lineNumber=29, susp=0.2773500981126146]
[INFO ] fr.inria.astor.core.solutionsearch.population.ProgramVariantFactory.createModificationPoints(ProgramVariantFactory.java:215) -  Not ctClass for suspicious code Candidate [className=java_testcases.junit.QuixFixOracleHelper, methodName=java_testcases.junit.QuixFixOracleHelper{transformToString(Ljava/lang/Object;Z)Ljava/lang/String; 0.0, lineNumber=30, susp=0.2773500981126146]
[INFO ] fr.inria.astor.core.solutionsearch.population.ProgramVariantFactory.createModificationPoints(ProgramVariantFactory.java:215) -  Not ctClass for suspicious code Candidate [className=java_testcases.junit.QuixFixOracleHelper, methodName=java_testcases.junit.QuixFixOracleHelper{transformToString(Ljava/lang/Object;Z)Ljava/lang/String; 0.0, lineNumber=31, susp=0.2773500981126146]
[INFO ] fr.inria.astor.core.solutionsearch.population.ProgramVariantFactory.createModificationPoints(ProgramVariantFactory.java:215) -  Not ctClass for suspicious code Candidate [className=java_testcases.junit.QuixFixOracleHelper, methodName=java_testcases.junit.QuixFixOracleHelper{transformToString(Ljava/lang/Object;Z)Ljava/lang/String; 0.0, lineNumber=32, susp=0.2773500981126146]
[INFO ] fr.inria.astor.core.solutionsearch.population.ProgramVariantFactory.createModificationPoints(ProgramVariantFactory.java:215) -  Not ctClass for suspicious code Candidate [className=java_testcases.junit.QuixFixOracleHelper, methodName=java_testcases.junit.QuixFixOracleHelper{transformToString(Ljava/lang/Object;Z)Ljava/lang/String; 0.0, lineNumber=35, susp=0.2773500981126146]
[INFO ] fr.inria.astor.core.solutionsearch.population.ProgramVariantFactory.createModificationPoints(ProgramVariantFactory.java:215) -  Not ctClass for suspicious code Candidate [className=java_testcases.junit.QuixFixOracleHelper, methodName=java_testcases.junit.QuixFixOracleHelper{transformToString(Ljava/lang/Object;Z)Ljava/lang/String; 0.0, lineNumber=37, susp=0.2773500981126146]
[INFO ] fr.inria.astor.core.solutionsearch.population.ProgramVariantFactory.createModificationPoints(ProgramVariantFactory.java:215) -  Not ctClass for suspicious code Candidate [className=java_testcases.junit.QuixFixOracleHelper, methodName=java_testcases.junit.QuixFixOracleHelper{transformToString(Ljava/lang/Object;Z)Ljava/lang/String; 0.0, lineNumber=38, susp=0.2773500981126146]
[INFO ] fr.inria.astor.core.solutionsearch.population.ProgramVariantFactory.createModificationPoints(ProgramVariantFactory.java:215) -  Not ctClass for suspicious code Candidate [className=java_testcases.junit.QuixFixOracleHelper, methodName=java_testcases.junit.QuixFixOracleHelper{transformToString(Ljava/lang/Object;Z)Ljava/lang/String; 0.0, lineNumber=41, susp=0.2773500981126146]
[INFO ] fr.inria.astor.core.solutionsearch.population.ProgramVariantFactory.createModificationPoints(ProgramVariantFactory.java:215) -  Not ctClass for suspicious code Candidate [className=java_testcases.junit.QuixFixOracleHelper, methodName=java_testcases.junit.QuixFixOracleHelper{transformToString(Ljava/lang/Object;Z)Ljava/lang/String; 0.0, lineNumber=44, susp=0.2773500981126146]
[INFO ] fr.inria.astor.core.solutionsearch.population.ProgramVariantFactory.createProgramInstance(ProgramVariantFactory.java:127) - Total suspicious from FL: 35,  3
[INFO ] fr.inria.astor.core.solutionsearch.population.ProgramVariantFactory.createProgramInstance(ProgramVariantFactory.java:136) - Total ModPoint created: 3
[INFO ] fr.inria.astor.core.solutionsearch.population.ProgramVariantFactory.createInitialPopulation(ProgramVariantFactory.java:82) - Creating program variant #1, [Variant id: 1, #gens: 3, #ops: 0, parent:-]
[INFO ] fr.inria.astor.core.setup.ConfigurationProperties.print(ConfigurationProperties.java:66) - ----------------------------
[INFO ] fr.inria.astor.core.setup.ConfigurationProperties.print(ConfigurationProperties.java:67) - ---Configuration properties:---Execution values
[INFO ] fr.inria.astor.core.setup.ConfigurationProperties.print(ConfigurationProperties.java:69) - p:lastJUnitVersion= ./examples/libs/junit-4.11.jar
[INFO ] fr.inria.astor.core.setup.ConfigurationProperties.print(ConfigurationProperties.java:69) - p:alternativecompliancelevel= 4
[INFO ] fr.inria.astor.core.setup.ConfigurationProperties.print(ConfigurationProperties.java:69) - p:ignoredTestCases= 
[INFO ] fr.inria.astor.core.setup.ConfigurationProperties.print(ConfigurationProperties.java:69) - p:workingDirectory= /tmp/jMutRepair_QuixBugs_QUICKSORT_/./output_astor
[INFO ] fr.inria.astor.core.setup.ConfigurationProperties.print(ConfigurationProperties.java:69) - p:manipulatesuper= false
[INFO ] fr.inria.astor.core.setup.ConfigurationProperties.print(ConfigurationProperties.java:69) - p:validation= process
[INFO ] fr.inria.astor.core.setup.ConfigurationProperties.print(ConfigurationProperties.java:69) - p:jvm4testexecution= /home/mmartinez/jdk1.8.0_45/bin/
[INFO ] fr.inria.astor.core.setup.ConfigurationProperties.print(ConfigurationProperties.java:69) - p:operatorspace= mutationspace
[INFO ] fr.inria.astor.core.setup.ConfigurationProperties.print(ConfigurationProperties.java:69) - p:disablelog= false
[INFO ] fr.inria.astor.core.setup.ConfigurationProperties.print(ConfigurationProperties.java:69) - p:binjavafolder= target/classes
[INFO ] fr.inria.astor.core.setup.ConfigurationProperties.print(ConfigurationProperties.java:69) - p:synthesis_depth= 3
[INFO ] fr.inria.astor.core.setup.ConfigurationProperties.print(ConfigurationProperties.java:69) - p:gzoltartestpackagetoexclude= junit.framework
[INFO ] fr.inria.astor.core.setup.ConfigurationProperties.print(ConfigurationProperties.java:69) - p:skipfitnessinitialpopulation= false
[INFO ] fr.inria.astor.core.setup.ConfigurationProperties.print(ConfigurationProperties.java:69) - p:evosuiteresultfolder= evosuite
[INFO ] fr.inria.astor.core.setup.ConfigurationProperties.print(ConfigurationProperties.java:69) - p:flthreshold= 0.1
[INFO ] fr.inria.astor.core.setup.ConfigurationProperties.print(ConfigurationProperties.java:69) - p:regressionforfaultlocalization= true
[INFO ] fr.inria.astor.core.setup.ConfigurationProperties.print(ConfigurationProperties.java:69) - p:collectonlyusedmethod= false
[INFO ] fr.inria.astor.core.setup.ConfigurationProperties.print(ConfigurationProperties.java:69) - p:preservelinenumbers= true
[INFO ] fr.inria.astor.core.setup.ConfigurationProperties.print(ConfigurationProperties.java:69) - p:tmax2= 470
[INFO ] fr.inria.astor.core.setup.ConfigurationProperties.print(ConfigurationProperties.java:69) - p:tmax1= 10000
[INFO ] fr.inria.astor.core.setup.ConfigurationProperties.print(ConfigurationProperties.java:69) - p:probagenmutation= false
[INFO ] fr.inria.astor.core.setup.ConfigurationProperties.print(ConfigurationProperties.java:69) - p:nomodificationconvergence= 100
[INFO ] fr.inria.astor.core.setup.ConfigurationProperties.print(ConfigurationProperties.java:69) - p:diff_type= relative
[INFO ] fr.inria.astor.core.setup.ConfigurationProperties.print(ConfigurationProperties.java:69) - p:targetelementprocessor= if-conditions
[INFO ] fr.inria.astor.core.setup.ConfigurationProperties.print(ConfigurationProperties.java:69) - p:srctestfolder= src/test/java
[INFO ] fr.inria.astor.core.setup.ConfigurationProperties.print(ConfigurationProperties.java:69) - p:forceExecuteRegression= false
[INFO ] fr.inria.astor.core.setup.ConfigurationProperties.print(ConfigurationProperties.java:69) - p:clusteringfilename= clustering.csv
[INFO ] fr.inria.astor.core.setup.ConfigurationProperties.print(ConfigurationProperties.java:69) - p:failing= java_testcases.junit.QUICKSORT_Test
[INFO ] fr.inria.astor.core.setup.ConfigurationProperties.print(ConfigurationProperties.java:69) - p:logtestexecution= false
[INFO ] fr.inria.astor.core.setup.ConfigurationProperties.print(ConfigurationProperties.java:69) - p:evo_buggy_class= true
[INFO ] fr.inria.astor.core.setup.ConfigurationProperties.print(ConfigurationProperties.java:69) - p:numberExecutions= 1
[INFO ] fr.inria.astor.core.setup.ConfigurationProperties.print(ConfigurationProperties.java:69) - p:maxnumbersolutions= 1000000
[INFO ] fr.inria.astor.core.setup.ConfigurationProperties.print(ConfigurationProperties.java:69) - p:evo_affected_by_op= true
[INFO ] fr.inria.astor.core.setup.ConfigurationProperties.print(ConfigurationProperties.java:69) - p:population= 1
[INFO ] fr.inria.astor.core.setup.ConfigurationProperties.print(ConfigurationProperties.java:69) - p:considerzerovaluesusp= false
[INFO ] fr.inria.astor.core.setup.ConfigurationProperties.print(ConfigurationProperties.java:69) - p:maxCombinationVariableLimit= false
[INFO ] fr.inria.astor.core.setup.ConfigurationProperties.print(ConfigurationProperties.java:69) - p:loglevel= INFO
[INFO ] fr.inria.astor.core.setup.ConfigurationProperties.print(ConfigurationProperties.java:69) - p:savesolution= true
[INFO ] fr.inria.astor.core.setup.ConfigurationProperties.print(ConfigurationProperties.java:69) - p:javacompliancelevel= 8
[INFO ] fr.inria.astor.core.setup.ConfigurationProperties.print(ConfigurationProperties.java:69) - p:uniqueoptogen= false
[INFO ] fr.inria.astor.core.setup.ConfigurationProperties.print(ConfigurationProperties.java:69) - p:gzoltarpackagetonotinstrument= junit.framework
[INFO ] fr.inria.astor.core.setup.ConfigurationProperties.print(ConfigurationProperties.java:69) - p:projectIdentifier= QUICKSORT-
[INFO ] fr.inria.astor.core.setup.ConfigurationProperties.print(ConfigurationProperties.java:69) - p:modificationpointnavigation= weight
[INFO ] fr.inria.astor.core.setup.ConfigurationProperties.print(ConfigurationProperties.java:69) - p:stopfirst= false
[INFO ] fr.inria.astor.core.setup.ConfigurationProperties.print(ConfigurationProperties.java:69) - p:multipointmodification= false
[INFO ] fr.inria.astor.core.setup.ConfigurationProperties.print(ConfigurationProperties.java:69) - p:elementsToMutate= 10
[INFO ] fr.inria.astor.core.setup.ConfigurationProperties.print(ConfigurationProperties.java:69) - p:jsonoutputname= astor_output
[INFO ] fr.inria.astor.core.setup.ConfigurationProperties.print(ConfigurationProperties.java:69) - p:evoDSE= false
[INFO ] fr.inria.astor.core.setup.ConfigurationProperties.print(ConfigurationProperties.java:69) - p:bintestfolder= target/test-classes
[INFO ] fr.inria.astor.core.setup.ConfigurationProperties.print(ConfigurationProperties.java:69) - p:testbystep= false
[INFO ] fr.inria.astor.core.setup.ConfigurationProperties.print(ConfigurationProperties.java:69) - p:version-location= ./math-version/
[INFO ] fr.inria.astor.core.setup.ConfigurationProperties.print(ConfigurationProperties.java:69) - p:reintroduce= PARENTS:ORIGINAL
[INFO ] fr.inria.astor.core.setup.ConfigurationProperties.print(ConfigurationProperties.java:69) - p:executorjar= ./lib/jtestex7.jar
[INFO ] fr.inria.astor.core.setup.ConfigurationProperties.print(ConfigurationProperties.java:69) - p:maxGeneration= 1000000
[INFO ] fr.inria.astor.core.setup.ConfigurationProperties.print(ConfigurationProperties.java:69) - p:max_synthesis_step= 10000
[INFO ] fr.inria.astor.core.setup.ConfigurationProperties.print(ConfigurationProperties.java:69) - p:maxVarCombination= 1000
[INFO ] fr.inria.astor.core.setup.ConfigurationProperties.print(ConfigurationProperties.java:69) - p:maxtime= 120
[INFO ] fr.inria.astor.core.setup.ConfigurationProperties.print(ConfigurationProperties.java:69) - p:evosuitejar= ./lib/evosuite-master-1.0.4-SNAPSHOT.jar
[INFO ] fr.inria.astor.core.setup.ConfigurationProperties.print(ConfigurationProperties.java:69) - p:jvmversion= 1.8.0_45
[INFO ] fr.inria.astor.core.setup.ConfigurationProperties.print(ConfigurationProperties.java:69) - p:commandTrunk= 50000
[INFO ] fr.inria.astor.core.setup.ConfigurationProperties.print(ConfigurationProperties.java:69) - p:faultlocalization= gzoltar
[INFO ] fr.inria.astor.core.setup.ConfigurationProperties.print(ConfigurationProperties.java:69) - p:resetmodel= true
[INFO ] fr.inria.astor.core.setup.ConfigurationProperties.print(ConfigurationProperties.java:69) - p:maxsuspcandidates= 1000
[INFO ] fr.inria.astor.core.setup.ConfigurationProperties.print(ConfigurationProperties.java:69) - p:mode= jMutRepair
[INFO ] fr.inria.astor.core.setup.ConfigurationProperties.print(ConfigurationProperties.java:69) - p:learningdir= 
[INFO ] fr.inria.astor.core.setup.ConfigurationProperties.print(ConfigurationProperties.java:69) - p:jvm4evosuitetestexecution= /home/mmartinez/jdk1.8.0_45/bin/
[INFO ] fr.inria.astor.core.setup.ConfigurationProperties.print(ConfigurationProperties.java:69) - p:filterfaultlocalization= true
[INFO ] fr.inria.astor.core.setup.ConfigurationProperties.print(ConfigurationProperties.java:69) - p:mutationrate= 1 
[INFO ] fr.inria.astor.core.setup.ConfigurationProperties.print(ConfigurationProperties.java:69) - p:pathToMVNRepository= 
[INFO ] fr.inria.astor.core.setup.ConfigurationProperties.print(ConfigurationProperties.java:69) - p:resourcesfolder= /src/main/resources:/src/test/resources:
[INFO ] fr.inria.astor.core.setup.ConfigurationProperties.print(ConfigurationProperties.java:69) - p:runjava7code= false
[INFO ] fr.inria.astor.core.setup.ConfigurationProperties.print(ConfigurationProperties.java:69) - p:timezone= America/Los_Angeles
[INFO ] fr.inria.astor.core.setup.ConfigurationProperties.print(ConfigurationProperties.java:69) - p:evoRunOnBuggyClass= true
[INFO ] fr.inria.astor.core.setup.ConfigurationProperties.print(ConfigurationProperties.java:69) - p:compiler= fr.inria.astor.core.manipulation.bytecode.compiler.SpoonClassCompiler
[INFO ] fr.inria.astor.core.setup.ConfigurationProperties.print(ConfigurationProperties.java:69) - p:limitbysuspicious= true
[INFO ] fr.inria.astor.core.setup.ConfigurationProperties.print(ConfigurationProperties.java:69) - p:logsattemps= true
[INFO ] fr.inria.astor.core.setup.ConfigurationProperties.print(ConfigurationProperties.java:69) - p:dependenciespath= /home/mmartinez/.m2/repository/junit/junit/4.11/junit-4.11.jar:/home/mmartinez/.m2/repository/org/hamcrest/hamcrest-core/1.3/hamcrest-core-1.3.jar
[INFO ] fr.inria.astor.core.setup.ConfigurationProperties.print(ConfigurationProperties.java:69) - p:logpatternlayout= [%-5p] %l - %m%n
[INFO ] fr.inria.astor.core.setup.ConfigurationProperties.print(ConfigurationProperties.java:69) - p:packageToInstrument= 
[INFO ] fr.inria.astor.core.setup.ConfigurationProperties.print(ConfigurationProperties.java:69) - p:skipfaultlocalization= false
[INFO ] fr.inria.astor.core.setup.ConfigurationProperties.print(ConfigurationProperties.java:69) - p:scope= local
[INFO ] fr.inria.astor.core.setup.ConfigurationProperties.print(ConfigurationProperties.java:69) - p:transformingredient= false
[INFO ] fr.inria.astor.core.setup.ConfigurationProperties.print(ConfigurationProperties.java:69) - p:fitnessfunction= fr.inria.astor.core.solutionsearch.population.TestCaseFitnessFunction
[INFO ] fr.inria.astor.core.setup.ConfigurationProperties.print(ConfigurationProperties.java:69) - p:maxnumvariablesperingredient= 10
[INFO ] fr.inria.astor.core.setup.ConfigurationProperties.print(ConfigurationProperties.java:69) - p:parsesourcefromoriginal= true
[INFO ] fr.inria.astor.core.setup.ConfigurationProperties.print(ConfigurationProperties.java:69) - p:pvariantfoldername= variant-
[INFO ] fr.inria.astor.core.setup.ConfigurationProperties.print(ConfigurationProperties.java:69) - p:savespoonmodelondisk= false
[INFO ] fr.inria.astor.core.setup.ConfigurationProperties.print(ConfigurationProperties.java:69) - p:srcjavafolder= src/main/java
[INFO ] fr.inria.astor.core.setup.ConfigurationProperties.print(ConfigurationProperties.java:69) - p:populationcontroller= fr.inria.astor.core.solutionsearch.population.TestCaseBasedFitnessPopulationController
[INFO ] fr.inria.astor.core.setup.ConfigurationProperties.print(ConfigurationProperties.java:69) - p:ignoreflakyinfl= false
[INFO ] fr.inria.astor.core.setup.ConfigurationProperties.print(ConfigurationProperties.java:69) - p:cleantemplates= true
[INFO ] fr.inria.astor.core.setup.ConfigurationProperties.print(ConfigurationProperties.java:69) - p:applyCrossover= false
[INFO ] fr.inria.astor.core.setup.ConfigurationProperties.print(ConfigurationProperties.java:69) - p:maxmodificationpoints= 1000
[INFO ] fr.inria.astor.core.setup.ConfigurationProperties.print(ConfigurationProperties.java:69) - p:duplicateingredientsinspace= false
[INFO ] fr.inria.astor.core.setup.ConfigurationProperties.print(ConfigurationProperties.java:69) - p:saveall= false
[INFO ] fr.inria.astor.core.setup.ConfigurationProperties.print(ConfigurationProperties.java:69) - p:seed= 0
[INFO ] fr.inria.astor.core.setup.ConfigurationProperties.print(ConfigurationProperties.java:69) - p:savecompletepatched= true
[INFO ] fr.inria.astor.core.setup.ConfigurationProperties.print(ConfigurationProperties.java:69) - p:resetoperations= false
[INFO ] fr.inria.astor.core.setup.ConfigurationProperties.print(ConfigurationProperties.java:69) - p:processoutputinfile= false
[INFO ] fr.inria.astor.core.setup.ConfigurationProperties.print(ConfigurationProperties.java:69) - p:location= .
[INFO ] fr.inria.astor.core.setup.ConfigurationProperties.print(ConfigurationProperties.java:69) - p:probabilistictransformation= true
[INFO ] fr.inria.astor.core.setup.ConfigurationProperties.print(ConfigurationProperties.java:69) - p:overridemaxtime= true
[INFO ] fr.inria.astor.core.setup.ConfigurationProperties.print(ConfigurationProperties.java:69) - p:allpoints= false
[INFO ] fr.inria.astor.core.setup.ConfigurationProperties.print(ConfigurationProperties.java:69) - p:bugId= 280
[INFO ] fr.inria.astor.core.setup.ConfigurationProperties.print(ConfigurationProperties.java:69) - p:evosuitetimeout= 120
[INFO ] fr.inria.astor.core.setup.ConfigurationProperties.print(ConfigurationProperties.java:69) - p:nrPlaceholders= 1
[INFO ] fr.inria.astor.core.setup.ConfigurationProperties.print(ConfigurationProperties.java:69) - p:forcesubprocesskilling= true
[INFO ] fr.inria.astor.core.setup.ConfigurationProperties.print(ConfigurationProperties.java:71) - ----------------------------
[INFO ] fr.inria.astor.core.solutionsearch.ExhaustiveSearchEngine.startEvolution(ExhaustiveSearchEngine.java:59) - mod_point MP=java_programs.QUICKSORT line: 26, pointed element: CtIfImpl
[INFO ] fr.inria.astor.core.solutionsearch.ExhaustiveSearchEngine.startEvolution(ExhaustiveSearchEngine.java:60) - -->op: OP_INSTANCE:
IfExpresionMutOp:(spoon.support.reflect.code.CtBinaryOperatorImpl) `x > pivot ` -topatch--> `x == pivot` (spoon.support.reflect.code.CtBinaryOperatorImpl) 
[INFO ] fr.inria.astor.core.solutionsearch.ExhaustiveSearchEngine.startEvolution(ExhaustiveSearchEngine.java:59) - mod_point MP=java_programs.QUICKSORT line: 26, pointed element: CtIfImpl
[INFO ] fr.inria.astor.core.solutionsearch.ExhaustiveSearchEngine.startEvolution(ExhaustiveSearchEngine.java:60) - -->op: OP_INSTANCE:
IfExpresionMutOp:(spoon.support.reflect.code.CtBinaryOperatorImpl) `x > pivot ` -topatch--> `x != pivot` (spoon.support.reflect.code.CtBinaryOperatorImpl) 
[INFO ] fr.inria.astor.core.solutionsearch.ExhaustiveSearchEngine.startEvolution(ExhaustiveSearchEngine.java:59) - mod_point MP=java_programs.QUICKSORT line: 26, pointed element: CtIfImpl
[INFO ] fr.inria.astor.core.solutionsearch.ExhaustiveSearchEngine.startEvolution(ExhaustiveSearchEngine.java:60) - -->op: OP_INSTANCE:
IfExpresionMutOp:(spoon.support.reflect.code.CtBinaryOperatorImpl) `x > pivot ` -topatch--> `x >= pivot` (spoon.support.reflect.code.CtBinaryOperatorImpl) 
[INFO ] fr.inria.astor.core.solutionsearch.AstorCoreEngine.processCreatedVariant(AstorCoreEngine.java:436) - -Found Solution, child variant #4
[INFO ] fr.inria.astor.core.solutionsearch.AstorCoreEngine.atEnd(AstorCoreEngine.java:168) - Time Repair Loop (s): 0.775
[INFO ] fr.inria.astor.core.solutionsearch.AstorCoreEngine.atEnd(AstorCoreEngine.java:170) - generationsexecuted: 1
[INFO ] fr.inria.astor.core.solutionsearch.AstorCoreEngine.printFinalStatus(AstorCoreEngine.java:234) - 
----SUMMARY_EXECUTION---
[INFO ] fr.inria.astor.core.solutionsearch.AstorCoreEngine.atEnd(AstorCoreEngine.java:184) - 
 --SOLUTIONS DESCRIPTION--

 ----
ProgramVariant 4
 
time(sec)= 0
operation: IfExpresionMutOp
location= java_programs.QUICKSORT
line= 26
lineSuspiciousness= 0.289
lineSuspiciousness= 0
original statement= x > pivot
buggy kind= CtBinaryOperatorImpl|CtIfImpl
fixed statement= x >= pivot
Patch kind= CtBinaryOperatorImpl|CtIfImpl
generation= 1
ingredientScope= -
validation=|true|0|13|[]|
diffpatch=--- /tmp/jMutRepair_QuixBugs_QUICKSORT_/src/main/java/QUICKSORTjava
+++ /tmp/jMutRepair_QuixBugs_QUICKSORT_/src/main/java/QUICKSORTjava
@@ -13,7 +13,7 @@
 			if (x < pivot) {
 				lesser.add(x);
 			}else
-				if (x > pivot) {
+				if (x >= pivot) {
 					greater.add(x);
 				}
 


diffpatchoriginal=--- /tmp/jMutRepair_QuixBugs_QUICKSORT_/src/main/java/QUICKSORTjava
+++ /tmp/jMutRepair_QuixBugs_QUICKSORT_/src/main/java/QUICKSORTjava
@@ -23,7 +23,7 @@
 		for (java.lang.Integer x : arr.subList(1, arr.size())) {
 			if (x < pivot) {
 				lesser.add(x);
-			}else 				if (x > pivot) {
+			}else 				if (x >= pivot) {
 					greater.add(x);
 				}
 		}



Astor Output:

General stats:
EXECUTION_IDENTIFIER=QUICKSORT-
TOTAL_TIME=0.775
NR_GENERATIONS=null
NR_RIGHT_COMPILATIONS=3
NR_FAILLING_COMPILATIONS=null
NR_ERRONEOUS_VARIANCES=null
NR_FAILING_VALIDATION_PROCESS=null
OUTPUT_STATUS=null

Patch stats:

Patch 1
VARIANT_ID=4
TIME=0
VALIDATION=|true|0|13|[]|
GENERATION=1
FOLDER_SOLUTION_CODE=/tmp/jMutRepair_QuixBugs_QUICKSORT_/./output_astor/AstorMain-QUICKSORT-//bin//variant-4
--Patch Hunk #1
OPERATOR=IfExpresionMutOp

LOCATION=java_programs.QUICKSORT

PATH=/tmp/jMutRepair_QuixBugs_QUICKSORT_/src/main/java/QUICKSORT.java

MODIFIED_FILE_PATH=/tmp/jMutRepair_QuixBugs_QUICKSORT_/./output_astor/AstorMain-QUICKSORT-//src//variant-4/java_programs/QUICKSORT.java

LINE=26

SUSPICIOUNESS=0.289

MP_RANKING=0

ORIGINAL_CODE=x > pivot

BUGGY_CODE_TYPE=CtBinaryOperatorImpl|CtIfImpl

PATCH_HUNK_CODE=x >= pivot

PATCH_HUNK_TYPE=CtBinaryOperatorImpl|CtIfImpl

INGREDIENT_SCOPE=null

INGREDIENT_PARENT=null

PATCH_DIFF_ORIG=--- /tmp/jMutRepair_QuixBugs_QUICKSORT_/src/main/java/QUICKSORTjava
+++ /tmp/jMutRepair_QuixBugs_QUICKSORT_/src/main/java/QUICKSORTjava
@@ -23,7 +23,7 @@
 		for (java.lang.Integer x : arr.subList(1, arr.size())) {
 			if (x < pivot) {
 				lesser.add(x);
-			}else 				if (x > pivot) {
+			}else 				if (x >= pivot) {
 					greater.add(x);
 				}
 		}



[INFO ] fr.inria.astor.core.output.PatchJSONStandarOutput.produceOutput(PatchJSONStandarOutput.java:103) - Storing ing JSON at /tmp/jMutRepair_QuixBugs_QUICKSORT_/./output_astor/AstorMain-QUICKSORT-//astor_output.json
[INFO ] fr.inria.astor.core.output.PatchJSONStandarOutput.produceOutput(PatchJSONStandarOutput.java:104) - astor_output:
{"general":{"NR_RIGHT_COMPILATIONS":3,"NR_ERRONEOUS_VARIANCES":null,"EXECUTION_IDENTIFIER":"QUICKSORT-","OUTPUT_STATUS":null,"NR_FAILLING_COMPILATIONS":null,"NR_GENERATIONS":null,"TOTAL_TIME":0.775,"NR_FAILING_VALIDATION_PROCESS":null},"patches":[{"VARIANT_ID":"4","VALIDATION":"|true|0|13|[]|","patchhunks":[{"LOCATION":"java_programs.QUICKSORT","PATH":"\\\/tmp\\\/jMutRepair_QuixBugs_QUICKSORT_\\\/src\\\/main\\\/java\\\/QUICKSORT.java","ORIGINAL_CODE":"x > pivot","BUGGY_CODE_TYPE":"CtBinaryOperatorImpl|CtIfImpl","OPERATOR":"IfExpresionMutOp","MODIFIED_FILE_PATH":"\\\/tmp\\\/jMutRepair_QuixBugs_QUICKSORT_\\\/.\\\/output_astor\\\/AstorMain-QUICKSORT-\\\/\\\/src\\\/\\\/variant-4\\\/java_programs\\\/QUICKSORT.java","LINE":"26","SUSPICIOUNESS":"0.289","MP_RANKING":"0","PATCH_HUNK_CODE":"x >= pivot","PATCH_HUNK_TYPE":"CtBinaryOperatorImpl|CtIfImpl"}],"TIME":"0","GENERATION":"1","FOLDER_SOLUTION_CODE":"\\\/tmp\\\/jMutRepair_QuixBugs_QUICKSORT_\\\/.\\\/output_astor\\\/AstorMain-QUICKSORT-\\\/\\\/bin\\\/\\\/variant-4","PATCH_DIFF_ORIG":"--- \\\/tmp\\\/jMutRepair_QuixBugs_QUICKSORT_\\\/src\\\/main\\\/java\\\/QUICKSORTjava\\n+++ \\\/tmp\\\/jMutRepair_QuixBugs_QUICKSORT_\\\/src\\\/main\\\/java\\\/QUICKSORTjava\\n@@ -23,7 +23,7 @@\\n \\t\\tfor (java.lang.Integer x : arr.subList(1, arr.size())) {\\n \\t\\t\\tif (x < pivot) {\\n \\t\\t\\t\\tlesser.add(x);\\n-\\t\\t\\t}else \\t\\t\\t\\tif (x > pivot) {\\n+\\t\\t\\t}else \\t\\t\\t\\tif (x >= pivot) {\\n \\t\\t\\t\\t\\tgreater.add(x);\\n \\t\\t\\t\\t}\\n \\t\\t}\\n\\n"}]}
[INFO ] fr.inria.main.evolution.AstorMain.run(AstorMain.java:200) - Time Total(s): 2.689
6.97user 0.74system 0:03.31elapsed 233%CPU (0avgtext+0avgdata 435556maxresident)k
222496inputs+5800outputs (20major+94336minor)pagefaults 0swaps


Node: gros-96.nancy.grid5000.fr



Date: Tue 09 Jun 2020 01:22:09 PM EDT

